
The arguments to function "set_gridparams_JPgrid" in file

  "/scratch2/BMC/det/jwolff/HIWT/ufs-srweather-app/regional_workflow_add_metplus/ush/set_gridparams_JPgrid.sh"

have been set as follows:

  declare -- lon_ctr="-97.5"
  declare -- lat_ctr="38.5"
  declare -- nx="1734"
  declare -- ny="1008"
  declare -- halo_width="6"
  declare -- delx="3000.0"
  declare -- dely="3000.0"
  declare -- alpha="0.21423"
  declare -- kappa="-0.23209"
  declare -- output_varname_lon_ctr="LON_CTR"
  declare -- output_varname_lat_ctr="LAT_CTR"
  declare -- output_varname_nx="NX"
  declare -- output_varname_ny="NY"
  declare -- output_varname_halo_width="NHW"
  declare -- output_varname_stretch_factor="STRETCH_FAC"
  declare -- output_varname_del_angle_x_sg="DEL_ANGLE_X_SG"
  declare -- output_varname_del_angle_y_sg="DEL_ANGLE_Y_SG"
  declare -- output_varname_neg_nx_of_dom_with_wide_halo="NEG_NX_OF_DOM_WITH_WIDE_HALO"
  declare -- output_varname_neg_ny_of_dom_with_wide_halo="NEG_NY_OF_DOM_WITH_WIDE_HALO"

The number of MPI tasks for the forecast (including those for the write
component if it is being used) are:
  PE_MEMBER01 = 840

The MPI task layout is:
  LAYOUT_X = 34
  LAYOUT_Y = 24
+++ readlink -f ./set_ozone_param.sh
++ local scrfunc_fp=/scratch2/BMC/det/jwolff/HIWT/ufs-srweather-app/regional_workflow_add_metplus/ush/set_ozone_param.sh
+++ basename /scratch2/BMC/det/jwolff/HIWT/ufs-srweather-app/regional_workflow_add_metplus/ush/set_ozone_param.sh
++ local scrfunc_fn=set_ozone_param.sh
+++ dirname /scratch2/BMC/det/jwolff/HIWT/ufs-srweather-app/regional_workflow_add_metplus/ush/set_ozone_param.sh
++ local scrfunc_dir=/scratch2/BMC/det/jwolff/HIWT/ufs-srweather-app/regional_workflow_add_metplus/ush
++ local func_name=set_ozone_param
++ valid_args=("ccpp_phys_suite_fp" "ozone_param_no_ccpp" "output_varname_ozone_param")
++ local valid_args
++ process_args valid_args ccpp_phys_suite_fp=/scratch2/BMC/det/jwolff/HIWT/ufs-srweather-app/src/ufs_weather_model/FV3/ccpp/suites/suite_FV3_GSD_SAR.xml ozone_param_no_ccpp=OZONE_PARAM_NO_CCPP output_varname_ozone_param=OZONE_PARAM
++ print_input_args valid_args

The arguments to function "set_ozone_param" in file

  "/scratch2/BMC/det/jwolff/HIWT/ufs-srweather-app/regional_workflow_add_metplus/ush/set_ozone_param.sh"

have been set as follows:

  declare -- ccpp_phys_suite_fp="/scratch2/BMC/det/jwolff/HIWT/ufs-srweather-app/src/ufs_weather_model/FV3/ccpp/suites/suite_FV3_GSD_SAR.xml"
  declare -- ozone_param_no_ccpp="OZONE_PARAM_NO_CCPP"
  declare -- output_varname_ozone_param="OZONE_PARAM"
++ local ozone_param regex_search fixgsm_ozone_fn i ozone_symlink fixgsm_ozone_fn_is_set regex_search num_symlinks mapping symlink mapping_ozone msg
++ '[' TRUE = FALSE ']'
++ regex_search='^[ ]*<scheme>(ozphys.*)<\/scheme>[ ]*$'
+++ sed -r -n -e 's/^[ ]*<scheme>(ozphys.*)<\/scheme>[ ]*$/\1/p' /scratch2/BMC/det/jwolff/HIWT/ufs-srweather-app/src/ufs_weather_model/FV3/ccpp/suites/suite_FV3_GSD_SAR.xml
++ ozone_param=ozphys_2015
++ '[' ozphys_2015 = ozphys_2015 ']'
++ fixgsm_ozone_fn=ozprdlos_2015_new_sbuvO3_tclm15_nuchem.f77
++ i=24
++ FIXgsm_FILES_TO_COPY_TO_FIXam[$i]=ozprdlos_2015_new_sbuvO3_tclm15_nuchem.f77
++ ozone_symlink=global_o3prdlos.f77
++ fixgsm_ozone_fn_is_set=FALSE
++ regex_search='^[ ]*([^| ]*)[ ]*[|][ ]*([^| ]*)[ ]*$'
++ num_symlinks=17
++ (( i=0 ))
++ (( i<17 ))
++ mapping='aerosol.dat                | global_climaeropac_global.txt'
+++ printf '%s\n' 'aerosol.dat                | global_climaeropac_global.txt'
+++ sed -n -r -e 's/^[ ]*([^| ]*)[ ]*[|][ ]*([^| ]*)[ ]*$/\1/p'
++ symlink=aerosol.dat
++ '[' aerosol.dat = global_o3prdlos.f77 ']'
++ (( i++  ))
++ (( i<17 ))
++ mapping='co2historicaldata_2010.txt | fix_co2_proj/global_co2historicaldata_2010.txt'
+++ printf '%s\n' 'co2historicaldata_2010.txt | fix_co2_proj/global_co2historicaldata_2010.txt'
+++ sed -n -r -e 's/^[ ]*([^| ]*)[ ]*[|][ ]*([^| ]*)[ ]*$/\1/p'
++ symlink=co2historicaldata_2010.txt
++ '[' co2historicaldata_2010.txt = global_o3prdlos.f77 ']'
++ (( i++  ))
++ (( i<17 ))
++ mapping='co2historicaldata_2011.txt | fix_co2_proj/global_co2historicaldata_2011.txt'
+++ printf '%s\n' 'co2historicaldata_2011.txt | fix_co2_proj/global_co2historicaldata_2011.txt'
+++ sed -n -r -e 's/^[ ]*([^| ]*)[ ]*[|][ ]*([^| ]*)[ ]*$/\1/p'
++ symlink=co2historicaldata_2011.txt
++ '[' co2historicaldata_2011.txt = global_o3prdlos.f77 ']'
++ (( i++  ))
++ (( i<17 ))
++ mapping='co2historicaldata_2012.txt | fix_co2_proj/global_co2historicaldata_2012.txt'
+++ printf '%s\n' 'co2historicaldata_2012.txt | fix_co2_proj/global_co2historicaldata_2012.txt'
+++ sed -n -r -e 's/^[ ]*([^| ]*)[ ]*[|][ ]*([^| ]*)[ ]*$/\1/p'
++ symlink=co2historicaldata_2012.txt
++ '[' co2historicaldata_2012.txt = global_o3prdlos.f77 ']'
++ (( i++  ))
++ (( i<17 ))
++ mapping='co2historicaldata_2013.txt | fix_co2_proj/global_co2historicaldata_2013.txt'
+++ printf '%s\n' 'co2historicaldata_2013.txt | fix_co2_proj/global_co2historicaldata_2013.txt'
+++ sed -n -r -e 's/^[ ]*([^| ]*)[ ]*[|][ ]*([^| ]*)[ ]*$/\1/p'
++ symlink=co2historicaldata_2013.txt
++ '[' co2historicaldata_2013.txt = global_o3prdlos.f77 ']'
++ (( i++  ))
++ (( i<17 ))
++ mapping='co2historicaldata_2014.txt | fix_co2_proj/global_co2historicaldata_2014.txt'
+++ printf '%s\n' 'co2historicaldata_2014.txt | fix_co2_proj/global_co2historicaldata_2014.txt'
+++ sed -n -r -e 's/^[ ]*([^| ]*)[ ]*[|][ ]*([^| ]*)[ ]*$/\1/p'
++ symlink=co2historicaldata_2014.txt
++ '[' co2historicaldata_2014.txt = global_o3prdlos.f77 ']'
++ (( i++  ))
++ (( i<17 ))
++ mapping='co2historicaldata_2015.txt | fix_co2_proj/global_co2historicaldata_2015.txt'
+++ sed -n -r -e 's/^[ ]*([^| ]*)[ ]*[|][ ]*([^| ]*)[ ]*$/\1/p'
+++ printf '%s\n' 'co2historicaldata_2015.txt | fix_co2_proj/global_co2historicaldata_2015.txt'
++ symlink=co2historicaldata_2015.txt
++ '[' co2historicaldata_2015.txt = global_o3prdlos.f77 ']'
++ (( i++  ))
++ (( i<17 ))
++ mapping='co2historicaldata_2016.txt | fix_co2_proj/global_co2historicaldata_2016.txt'
+++ printf '%s\n' 'co2historicaldata_2016.txt | fix_co2_proj/global_co2historicaldata_2016.txt'
+++ sed -n -r -e 's/^[ ]*([^| ]*)[ ]*[|][ ]*([^| ]*)[ ]*$/\1/p'
++ symlink=co2historicaldata_2016.txt
++ '[' co2historicaldata_2016.txt = global_o3prdlos.f77 ']'
++ (( i++  ))
++ (( i<17 ))
++ mapping='co2historicaldata_2017.txt | fix_co2_proj/global_co2historicaldata_2017.txt'
+++ printf '%s\n' 'co2historicaldata_2017.txt | fix_co2_proj/global_co2historicaldata_2017.txt'
+++ sed -n -r -e 's/^[ ]*([^| ]*)[ ]*[|][ ]*([^| ]*)[ ]*$/\1/p'
++ symlink=co2historicaldata_2017.txt
++ '[' co2historicaldata_2017.txt = global_o3prdlos.f77 ']'
++ (( i++  ))
++ (( i<17 ))
++ mapping='co2historicaldata_2018.txt | fix_co2_proj/global_co2historicaldata_2018.txt'
+++ printf '%s\n' 'co2historicaldata_2018.txt | fix_co2_proj/global_co2historicaldata_2018.txt'
+++ sed -n -r -e 's/^[ ]*([^| ]*)[ ]*[|][ ]*([^| ]*)[ ]*$/\1/p'
++ symlink=co2historicaldata_2018.txt
++ '[' co2historicaldata_2018.txt = global_o3prdlos.f77 ']'
++ (( i++  ))
++ (( i<17 ))
++ mapping='co2historicaldata_glob.txt | global_co2historicaldata_glob.txt'
+++ printf '%s\n' 'co2historicaldata_glob.txt | global_co2historicaldata_glob.txt'
+++ sed -n -r -e 's/^[ ]*([^| ]*)[ ]*[|][ ]*([^| ]*)[ ]*$/\1/p'
++ symlink=co2historicaldata_glob.txt
++ '[' co2historicaldata_glob.txt = global_o3prdlos.f77 ']'
++ (( i++  ))
++ (( i<17 ))
++ mapping='co2monthlycyc.txt          | co2monthlycyc.txt'
+++ printf '%s\n' 'co2monthlycyc.txt          | co2monthlycyc.txt'
+++ sed -n -r -e 's/^[ ]*([^| ]*)[ ]*[|][ ]*([^| ]*)[ ]*$/\1/p'
++ symlink=co2monthlycyc.txt
++ '[' co2monthlycyc.txt = global_o3prdlos.f77 ']'
++ (( i++  ))
++ (( i<17 ))
++ mapping='global_h2oprdlos.f77       | global_h2o_pltc.f77'
+++ printf '%s\n' 'global_h2oprdlos.f77       | global_h2o_pltc.f77'
+++ sed -n -r -e 's/^[ ]*([^| ]*)[ ]*[|][ ]*([^| ]*)[ ]*$/\1/p'
++ symlink=global_h2oprdlos.f77
++ '[' global_h2oprdlos.f77 = global_o3prdlos.f77 ']'
++ (( i++  ))
++ (( i<17 ))
++ mapping='global_zorclim.1x1.grb     | global_zorclim.1x1.grb'
+++ printf '%s\n' 'global_zorclim.1x1.grb     | global_zorclim.1x1.grb'
+++ sed -n -r -e 's/^[ ]*([^| ]*)[ ]*[|][ ]*([^| ]*)[ ]*$/\1/p'
++ symlink=global_zorclim.1x1.grb
++ '[' global_zorclim.1x1.grb = global_o3prdlos.f77 ']'
++ (( i++  ))
++ (( i<17 ))
++ mapping='sfc_emissivity_idx.txt     | global_sfc_emissivity_idx.txt'
+++ printf '%s\n' 'sfc_emissivity_idx.txt     | global_sfc_emissivity_idx.txt'
+++ sed -n -r -e 's/^[ ]*([^| ]*)[ ]*[|][ ]*([^| ]*)[ ]*$/\1/p'
++ symlink=sfc_emissivity_idx.txt
++ '[' sfc_emissivity_idx.txt = global_o3prdlos.f77 ']'
++ (( i++  ))
++ (( i<17 ))
++ mapping='solarconstant_noaa_an.txt  | global_solarconstant_noaa_an.txt'
+++ printf '%s\n' 'solarconstant_noaa_an.txt  | global_solarconstant_noaa_an.txt'
+++ sed -n -r -e 's/^[ ]*([^| ]*)[ ]*[|][ ]*([^| ]*)[ ]*$/\1/p'
++ symlink=solarconstant_noaa_an.txt
++ '[' solarconstant_noaa_an.txt = global_o3prdlos.f77 ']'
++ (( i++  ))
++ (( i<17 ))
++ mapping='global_o3prdlos.f77        | '
+++ printf '%s\n' 'global_o3prdlos.f77        | '
+++ sed -n -r -e 's/^[ ]*([^| ]*)[ ]*[|][ ]*([^| ]*)[ ]*$/\1/p'
++ symlink=global_o3prdlos.f77
++ '[' global_o3prdlos.f77 = global_o3prdlos.f77 ']'
++ regex_search='^[ ]*([^| ]+[ ]*)[|][ ]*([^| ]*)[ ]*$'
+++ printf '%s\n' 'global_o3prdlos.f77        | '
+++ sed -n -r -e 's/^[ ]*([^| ]+[ ]*)[|][ ]*([^| ]*)[ ]*$/\1/p'
++ mapping_ozone='global_o3prdlos.f77        '
++ mapping_ozone='global_o3prdlos.f77        | ozprdlos_2015_new_sbuvO3_tclm15_nuchem.f77'
++ CYCLEDIR_LINKS_TO_FIXam_FILES_MAPPING[$i]='global_o3prdlos.f77        | ozprdlos_2015_new_sbuvO3_tclm15_nuchem.f77'
++ fixgsm_ozone_fn_is_set=TRUE
++ break
++ '[' TRUE = TRUE ']'
++ msg='
After setting the file name of the ozone production/loss file in the
FIXgsm directory (based on the ozone parameterization specified in the
CCPP suite definition file), the array specifying the mapping between
the symlinks that need to be created in the cycle directories and the
files in the FIXgsm directory is:

CYCLEDIR_LINKS_TO_FIXam_FILES_MAPPING = ( \
'
+++ printf '"%s" \\\n' 'aerosol.dat                | global_climaeropac_global.txt' 'co2historicaldata_2010.txt | fix_co2_proj/global_co2historicaldata_2010.txt' 'co2historicaldata_2011.txt | fix_co2_proj/global_co2historicaldata_2011.txt' 'co2historicaldata_2012.txt | fix_co2_proj/global_co2historicaldata_2012.txt' 'co2historicaldata_2013.txt | fix_co2_proj/global_co2historicaldata_2013.txt' 'co2historicaldata_2014.txt | fix_co2_proj/global_co2historicaldata_2014.txt' 'co2historicaldata_2015.txt | fix_co2_proj/global_co2historicaldata_2015.txt' 'co2historicaldata_2016.txt | fix_co2_proj/global_co2historicaldata_2016.txt' 'co2historicaldata_2017.txt | fix_co2_proj/global_co2historicaldata_2017.txt' 'co2historicaldata_2018.txt | fix_co2_proj/global_co2historicaldata_2018.txt' 'co2historicaldata_glob.txt | global_co2historicaldata_glob.txt' 'co2monthlycyc.txt          | co2monthlycyc.txt' 'global_h2oprdlos.f77       | global_h2o_pltc.f77' 'global_zorclim.1x1.grb     | global_zorclim.1x1.grb' 'sfc_emissivity_idx.txt     | global_sfc_emissivity_idx.txt' 'solarconstant_noaa_an.txt  | global_solarconstant_noaa_an.txt' 'global_o3prdlos.f77        | ozprdlos_2015_new_sbuvO3_tclm15_nuchem.f77'
++ msg='
After setting the file name of the ozone production/loss file in the
FIXgsm directory (based on the ozone parameterization specified in the
CCPP suite definition file), the array specifying the mapping between
the symlinks that need to be created in the cycle directories and the
files in the FIXgsm directory is:

CYCLEDIR_LINKS_TO_FIXam_FILES_MAPPING = ( \
"aerosol.dat                | global_climaeropac_global.txt" \
"co2historicaldata_2010.txt | fix_co2_proj/global_co2historicaldata_2010.txt" \
"co2historicaldata_2011.txt | fix_co2_proj/global_co2historicaldata_2011.txt" \
"co2historicaldata_2012.txt | fix_co2_proj/global_co2historicaldata_2012.txt" \
"co2historicaldata_2013.txt | fix_co2_proj/global_co2historicaldata_2013.txt" \
"co2historicaldata_2014.txt | fix_co2_proj/global_co2historicaldata_2014.txt" \
"co2historicaldata_2015.txt | fix_co2_proj/global_co2historicaldata_2015.txt" \
"co2historicaldata_2016.txt | fix_co2_proj/global_co2historicaldata_2016.txt" \
"co2historicaldata_2017.txt | fix_co2_proj/global_co2historicaldata_2017.txt" \
"co2historicaldata_2018.txt | fix_co2_proj/global_co2historicaldata_2018.txt" \
"co2historicaldata_glob.txt | global_co2historicaldata_glob.txt" \
"co2monthlycyc.txt          | co2monthlycyc.txt" \
"global_h2oprdlos.f77       | global_h2o_pltc.f77" \
"global_zorclim.1x1.grb     | global_zorclim.1x1.grb" \
"sfc_emissivity_idx.txt     | global_sfc_emissivity_idx.txt" \
"solarconstant_noaa_an.txt  | global_solarconstant_noaa_an.txt" \
"global_o3prdlos.f77        | ozprdlos_2015_new_sbuvO3_tclm15_nuchem.f77" \'
+++ printf '\n)'
++ msg='
After setting the file name of the ozone production/loss file in the
FIXgsm directory (based on the ozone parameterization specified in the
CCPP suite definition file), the array specifying the mapping between
the symlinks that need to be created in the cycle directories and the
files in the FIXgsm directory is:

CYCLEDIR_LINKS_TO_FIXam_FILES_MAPPING = ( \
"aerosol.dat                | global_climaeropac_global.txt" \
"co2historicaldata_2010.txt | fix_co2_proj/global_co2historicaldata_2010.txt" \
"co2historicaldata_2011.txt | fix_co2_proj/global_co2historicaldata_2011.txt" \
"co2historicaldata_2012.txt | fix_co2_proj/global_co2historicaldata_2012.txt" \
"co2historicaldata_2013.txt | fix_co2_proj/global_co2historicaldata_2013.txt" \
"co2historicaldata_2014.txt | fix_co2_proj/global_co2historicaldata_2014.txt" \
"co2historicaldata_2015.txt | fix_co2_proj/global_co2historicaldata_2015.txt" \
"co2historicaldata_2016.txt | fix_co2_proj/global_co2historicaldata_2016.txt" \
"co2historicaldata_2017.txt | fix_co2_proj/global_co2historicaldata_2017.txt" \
"co2historicaldata_2018.txt | fix_co2_proj/global_co2historicaldata_2018.txt" \
"co2historicaldata_glob.txt | global_co2historicaldata_glob.txt" \
"co2monthlycyc.txt          | co2monthlycyc.txt" \
"global_h2oprdlos.f77       | global_h2o_pltc.f77" \
"global_zorclim.1x1.grb     | global_zorclim.1x1.grb" \
"sfc_emissivity_idx.txt     | global_sfc_emissivity_idx.txt" \
"solarconstant_noaa_an.txt  | global_solarconstant_noaa_an.txt" \
"global_o3prdlos.f77        | ozprdlos_2015_new_sbuvO3_tclm15_nuchem.f77" \
)'
++ print_info_msg '
After setting the file name of the ozone production/loss file in the
FIXgsm directory (based on the ozone parameterization specified in the
CCPP suite definition file), the array specifying the mapping between
the symlinks that need to be created in the cycle directories and the
files in the FIXgsm directory is:

CYCLEDIR_LINKS_TO_FIXam_FILES_MAPPING = ( \
"aerosol.dat                | global_climaeropac_global.txt" \
"co2historicaldata_2010.txt | fix_co2_proj/global_co2historicaldata_2010.txt" \
"co2historicaldata_2011.txt | fix_co2_proj/global_co2historicaldata_2011.txt" \
"co2historicaldata_2012.txt | fix_co2_proj/global_co2historicaldata_2012.txt" \
"co2historicaldata_2013.txt | fix_co2_proj/global_co2historicaldata_2013.txt" \
"co2historicaldata_2014.txt | fix_co2_proj/global_co2historicaldata_2014.txt" \
"co2historicaldata_2015.txt | fix_co2_proj/global_co2historicaldata_2015.txt" \
"co2historicaldata_2016.txt | fix_co2_proj/global_co2historicaldata_2016.txt" \
"co2historicaldata_2017.txt | fix_co2_proj/global_co2historicaldata_2017.txt" \
"co2historicaldata_2018.txt | fix_co2_proj/global_co2historicaldata_2018.txt" \
"co2historicaldata_glob.txt | global_co2historicaldata_glob.txt" \
"co2monthlycyc.txt          | co2monthlycyc.txt" \
"global_h2oprdlos.f77       | global_h2o_pltc.f77" \
"global_zorclim.1x1.grb     | global_zorclim.1x1.grb" \
"sfc_emissivity_idx.txt     | global_sfc_emissivity_idx.txt" \
"solarconstant_noaa_an.txt  | global_solarconstant_noaa_an.txt" \
"global_o3prdlos.f77        | ozprdlos_2015_new_sbuvO3_tclm15_nuchem.f77" \
)'

After setting the file name of the ozone production/loss file in the
FIXgsm directory (based on the ozone parameterization specified in the
CCPP suite definition file), the array specifying the mapping between
the symlinks that need to be created in the cycle directories and the
files in the FIXgsm directory is:

CYCLEDIR_LINKS_TO_FIXam_FILES_MAPPING = ( \
"aerosol.dat                | global_climaeropac_global.txt" \
"co2historicaldata_2010.txt | fix_co2_proj/global_co2historicaldata_2010.txt" \
"co2historicaldata_2011.txt | fix_co2_proj/global_co2historicaldata_2011.txt" \
"co2historicaldata_2012.txt | fix_co2_proj/global_co2historicaldata_2012.txt" \
"co2historicaldata_2013.txt | fix_co2_proj/global_co2historicaldata_2013.txt" \
"co2historicaldata_2014.txt | fix_co2_proj/global_co2historicaldata_2014.txt" \
"co2historicaldata_2015.txt | fix_co2_proj/global_co2historicaldata_2015.txt" \
"co2historicaldata_2016.txt | fix_co2_proj/global_co2historicaldata_2016.txt" \
"co2historicaldata_2017.txt | fix_co2_proj/global_co2historicaldata_2017.txt" \
"co2historicaldata_2018.txt | fix_co2_proj/global_co2historicaldata_2018.txt" \
"co2historicaldata_glob.txt | global_co2historicaldata_glob.txt" \
"co2monthlycyc.txt          | co2monthlycyc.txt" \
"global_h2oprdlos.f77       | global_h2o_pltc.f77" \
"global_zorclim.1x1.grb     | global_zorclim.1x1.grb" \
"sfc_emissivity_idx.txt     | global_sfc_emissivity_idx.txt" \
"solarconstant_noaa_an.txt  | global_solarconstant_noaa_an.txt" \
"global_o3prdlos.f77        | ozprdlos_2015_new_sbuvO3_tclm15_nuchem.f77" \
)
++ eval OZONE_PARAM=ozphys_2015
+++ OZONE_PARAM=ozphys_2015

The variable "line_list" contains:

RUN_ENVIR="nco"
MACHINE="BIG_COMPUTER"
ACCOUNT="project_name"
SCHED=""
QUEUE_DEFAULT="batch_queue"
QUEUE_DEFAULT_TAG="queue"
QUEUE_HPSS="hpss_queue"
QUEUE_HPSS_TAG="partition"
QUEUE_FCST="production_queue"
QUEUE_FCST_TAG="queue"
USE_CRON_TO_RELAUNCH="FALSE"
CRON_RELAUNCH_INTVL_MNTS="03"
EXPT_BASEDIR=""
EXPT_SUBDIR=""
COMINgfs="/base/path/of/directory/containing/gfs/input/files"
STMP="/base/path/of/directory/containing/model/input/and/raw/output/files"
NET="rrfs"
envir="para"
RUN="experiment_name"
PTMP="/base/path/of/directory/containing/postprocessed/output/files"
DOT_OR_USCORE="_"
EXPT_CONFIG_FN="config.sh"
RGNL_GRID_NML_FN="regional_grid.nml"
DATA_TABLE_FN="data_table"
DIAG_TABLE_FN="diag_table"
FIELD_TABLE_FN="field_table"
FV3_NML_BASE_FN="input.nml.FV3"
FV3_NML_YAML_CONFIG_FN="FV3.input.yml"
MODEL_CONFIG_FN="model_configure"
NEMS_CONFIG_FN="nems.configure"
FV3_EXEC_FN="fv3_gfs.x"
WFLOW_XML_FN="FV3SAR_wflow.xml"
GLOBAL_VAR_DEFNS_FN="var_defns.sh"
EXTRN_MDL_ICS_VAR_DEFNS_FN="extrn_mdl_ics_var_defns.sh"
EXTRN_MDL_LBCS_VAR_DEFNS_FN="extrn_mdl_lbcs_var_defns.sh"
WFLOW_LAUNCH_SCRIPT_FN="launch_FV3SAR_wflow.sh"
WFLOW_LAUNCH_LOG_FN="log.launch_FV3SAR_wflow"
DATE_FIRST_CYCL="YYYYMMDD"
DATE_LAST_CYCL="YYYYMMDD"
CYCL_HRS=( "HH1" "HH2" )
FCST_LEN_HRS="24"
EXTRN_MDL_NAME_ICS="FV3GFS"
EXTRN_MDL_NAME_LBCS="FV3GFS"
LBC_SPEC_INTVL_HRS="6"
FV3GFS_FILE_FMT_ICS="nemsio"
FV3GFS_FILE_FMT_LBCS="nemsio"
USE_CCPP="FALSE"
CCPP_PHYS_SUITE="FV3_GSD_v0"
OZONE_PARAM_NO_CCPP="ozphys"
GRID_GEN_METHOD="JPgrid"
GFDLgrid_LON_T6_CTR=-97.5
GFDLgrid_LAT_T6_CTR=35.5
GFDLgrid_RES="384"
GFDLgrid_STRETCH_FAC=1.5
GFDLgrid_REFINE_RATIO=3
GFDLgrid_ISTART_OF_RGNL_DOM_ON_T6G=10
GFDLgrid_IEND_OF_RGNL_DOM_ON_T6G=374
GFDLgrid_JSTART_OF_RGNL_DOM_ON_T6G=10
GFDLgrid_JEND_OF_RGNL_DOM_ON_T6G=374
GFDLgrid_USE_GFDLgrid_RES_IN_FILENAMES="TRUE"
JPgrid_LON_CTR="-97.5"
JPgrid_LAT_CTR="35.5"
JPgrid_DELX="3000.0"
JPgrid_DELY="3000.0"
JPgrid_NX="1000"
JPgrid_NY="1000"
JPgrid_WIDE_HALO_WIDTH="6"
JPgrid_ALPHA_PARAM="0.21423"
JPgrid_KAPPA_PARAM="-0.23209"
DT_ATMOS="18"
LAYOUT_X="20"
LAYOUT_Y="20"
BLOCKSIZE="24"
QUILTING="TRUE"
PRINT_ESMF="FALSE"
WRTCMP_write_groups="1"
WRTCMP_write_tasks_per_group="20"
WRTCMP_output_grid="''"
WRTCMP_cen_lon=""
WRTCMP_cen_lat=""
WRTCMP_lon_lwr_left=""
WRTCMP_lat_lwr_left=""
WRTCMP_lon_upr_rght=""
WRTCMP_lat_upr_rght=""
WRTCMP_dlon=""
WRTCMP_dlat=""
WRTCMP_stdlat1=""
WRTCMP_stdlat2=""
WRTCMP_nx=""
WRTCMP_ny=""
WRTCMP_dx=""
WRTCMP_dy=""
PREDEF_GRID_NAME=""
EMC_GRID_NAME=""
PREEXISTING_DIR_METHOD="delete"
VERBOSE="TRUE"
RUN_TASK_MAKE_GRID="TRUE"
GRID_DIR="/path/to/pregenerated/grid/files"
RUN_TASK_MAKE_OROG="TRUE"
OROG_DIR="/path/to/pregenerated/orog/files"
RUN_TASK_MAKE_SFC_CLIMO="TRUE"
SFC_CLIMO_DIR="/path/to/pregenerated/surface/climo/files"
SFC_CLIMO_FIELDS=( "facsf" "maximum_snow_albedo" "slope_type" "snowfree_albedo" "soil_type" "substrate_temperature" "vegetation_greenness" "vegetation_type" )
FNGLAC="global_glacier.2x2.grb"
FNMXIC="global_maxice.2x2.grb"
FNTSFC="RTGSST.1982.2012.monthly.clim.grb"
FNSNOC="global_snoclim.1.875.grb"
FNZORC="igbp"
FNAISC="CFSR.SEAICE.1982.2012.monthly.clim.grb"
FNSMCC="global_soilmgldas.t126.384.190.grb"
FNMSKH="seaice_newland.grb"
FIXgsm_FILES_TO_COPY_TO_FIXam=( "$FNGLAC" "$FNMXIC" "$FNTSFC" "$FNSNOC" "$FNAISC" "$FNSMCC" "$FNMSKH" "global_climaeropac_global.txt" "fix_co2_proj/global_co2historicaldata_2010.txt" "fix_co2_proj/global_co2historicaldata_2011.txt" "fix_co2_proj/global_co2historicaldata_2012.txt" "fix_co2_proj/global_co2historicaldata_2013.txt" "fix_co2_proj/global_co2historicaldata_2014.txt" "fix_co2_proj/global_co2historicaldata_2015.txt" "fix_co2_proj/global_co2historicaldata_2016.txt" "fix_co2_proj/global_co2historicaldata_2017.txt" "fix_co2_proj/global_co2historicaldata_2018.txt" "global_co2historicaldata_glob.txt" "co2monthlycyc.txt" "global_h2o_pltc.f77" "global_hyblev.l65.txt" "global_zorclim.1x1.grb" "global_sfc_emissivity_idx.txt" "global_solarconstant_noaa_an.txt" "replace_with_FIXgsm_ozone_prodloss_filename" )
FV3_NML_VARNAME_TO_FIXam_FILES_MAPPING=( "FNGLAC | $FNGLAC" "FNMXIC | $FNMXIC" "FNTSFC | $FNTSFC" "FNSNOC | $FNSNOC" "FNAISC | $FNAISC" "FNSMCC | $FNSMCC" "FNMSKH | $FNMSKH" )
FV3_NML_VARNAME_TO_SFC_CLIMO_FIELD_MAPPING=( "FNALBC  | snowfree_albedo" "FNALBC2 | facsf" "FNTG3C  | substrate_temperature" "FNVEGC  | vegetation_greenness" "FNVETC  | vegetation_type" "FNSOTC  | soil_type" "FNVMNC  | vegetation_greenness" "FNVMXC  | vegetation_greenness" "FNSLPC  | slope_type" "FNABSC  | maximum_snow_albedo" )
CYCLEDIR_LINKS_TO_FIXam_FILES_MAPPING=( "aerosol.dat                | global_climaeropac_global.txt" "co2historicaldata_2010.txt | fix_co2_proj/global_co2historicaldata_2010.txt" "co2historicaldata_2011.txt | fix_co2_proj/global_co2historicaldata_2011.txt" "co2historicaldata_2012.txt | fix_co2_proj/global_co2historicaldata_2012.txt" "co2historicaldata_2013.txt | fix_co2_proj/global_co2historicaldata_2013.txt" "co2historicaldata_2014.txt | fix_co2_proj/global_co2historicaldata_2014.txt" "co2historicaldata_2015.txt | fix_co2_proj/global_co2historicaldata_2015.txt" "co2historicaldata_2016.txt | fix_co2_proj/global_co2historicaldata_2016.txt" "co2historicaldata_2017.txt | fix_co2_proj/global_co2historicaldata_2017.txt" "co2historicaldata_2018.txt | fix_co2_proj/global_co2historicaldata_2018.txt" "co2historicaldata_glob.txt | global_co2historicaldata_glob.txt" "co2monthlycyc.txt          | co2monthlycyc.txt" "global_h2oprdlos.f77       | global_h2o_pltc.f77" "global_zorclim.1x1.grb     | global_zorclim.1x1.grb" "sfc_emissivity_idx.txt     | global_sfc_emissivity_idx.txt" "solarconstant_noaa_an.txt  | global_solarconstant_noaa_an.txt" "global_o3prdlos.f77        | " )
MAKE_GRID_TN="make_grid"
MAKE_OROG_TN="make_orog"
MAKE_SFC_CLIMO_TN="make_sfc_climo"
GET_EXTRN_ICS_TN="get_extrn_ics"
GET_EXTRN_LBCS_TN="get_extrn_lbcs"
MAKE_ICS_TN="make_ics"
MAKE_LBCS_TN="make_lbcs"
RUN_FCST_TN="run_fcst"
RUN_POST_TN="run_post"
NNODES_MAKE_GRID="1"
NNODES_MAKE_OROG="1"
NNODES_MAKE_SFC_CLIMO="2"
NNODES_GET_EXTRN_ICS="1"
NNODES_GET_EXTRN_LBCS="1"
NNODES_MAKE_ICS="4"
NNODES_MAKE_LBCS="4"
NNODES_RUN_FCST=""  # This is calculated in the workflow generation scripts, so no need to set here.
NNODES_RUN_POST="2"
PPN_MAKE_GRID="24"
PPN_MAKE_OROG="24"
PPN_MAKE_SFC_CLIMO="24"
PPN_GET_EXTRN_ICS="1"
PPN_GET_EXTRN_LBCS="1"
PPN_MAKE_ICS="12"
PPN_MAKE_LBCS="12"
PPN_RUN_FCST="24"  # This may have to be changed depending on the number of threads used.
PPN_RUN_POST="24"
WTIME_MAKE_GRID="00:20:00"
WTIME_MAKE_OROG="00:20:00"
WTIME_MAKE_SFC_CLIMO="00:20:00"
WTIME_GET_EXTRN_ICS="00:45:00"
WTIME_GET_EXTRN_LBCS="00:45:00"
WTIME_MAKE_ICS="00:30:00"
WTIME_MAKE_LBCS="00:30:00"
WTIME_RUN_FCST="04:30:00"
WTIME_RUN_POST="00:15:00"


var_name = "RUN_ENVIR"
Setting parameter "RUN_ENVIR" in file "var_defns.sh" to ""community"" ...

var_name = "MACHINE"
Setting parameter "MACHINE" in file "var_defns.sh" to ""HERA"" ...

var_name = "ACCOUNT"
Setting parameter "ACCOUNT" in file "var_defns.sh" to ""gsd-fv3"" ...

var_name = "SCHED"
Setting parameter "SCHED" in file "var_defns.sh" to ""slurm"" ...

var_name = "QUEUE_DEFAULT"
Setting parameter "QUEUE_DEFAULT" in file "var_defns.sh" to ""batch"" ...

var_name = "QUEUE_DEFAULT_TAG"
Setting parameter "QUEUE_DEFAULT_TAG" in file "var_defns.sh" to ""queue"" ...

var_name = "QUEUE_HPSS"
Setting parameter "QUEUE_HPSS" in file "var_defns.sh" to ""service"" ...

var_name = "QUEUE_HPSS_TAG"
Setting parameter "QUEUE_HPSS_TAG" in file "var_defns.sh" to ""partition"" ...

var_name = "QUEUE_FCST"
Setting parameter "QUEUE_FCST" in file "var_defns.sh" to ""batch"" ...

var_name = "QUEUE_FCST_TAG"
Setting parameter "QUEUE_FCST_TAG" in file "var_defns.sh" to ""queue"" ...

var_name = "USE_CRON_TO_RELAUNCH"
Setting parameter "USE_CRON_TO_RELAUNCH" in file "var_defns.sh" to ""FALSE"" ...

var_name = "CRON_RELAUNCH_INTVL_MNTS"
Setting parameter "CRON_RELAUNCH_INTVL_MNTS" in file "var_defns.sh" to ""03"" ...

var_name = "EXPT_BASEDIR"
Setting parameter "EXPT_BASEDIR" in file "var_defns.sh" to ""/scratch2/BMC/det/jwolff/HIWT/expt_dirs"" ...

var_name = "EXPT_SUBDIR"
Setting parameter "EXPT_SUBDIR" in file "var_defns.sh" to ""test_regional_workflow_add_metplus"" ...

var_name = "COMINgfs"
Setting parameter "COMINgfs" in file "var_defns.sh" to ""/base/path/of/directory/containing/gfs/input/files"" ...

var_name = "STMP"
Setting parameter "STMP" in file "var_defns.sh" to ""/base/path/of/directory/containing/model/input/and/raw/output/files"" ...

var_name = "NET"
Setting parameter "NET" in file "var_defns.sh" to ""rrfs"" ...

var_name = "envir"
Setting parameter "envir" in file "var_defns.sh" to ""para"" ...

var_name = "RUN"
Setting parameter "RUN" in file "var_defns.sh" to ""experiment_name"" ...

var_name = "PTMP"
Setting parameter "PTMP" in file "var_defns.sh" to ""/base/path/of/directory/containing/postprocessed/output/files"" ...

var_name = "DOT_OR_USCORE"
Setting parameter "DOT_OR_USCORE" in file "var_defns.sh" to ""_"" ...

var_name = "EXPT_CONFIG_FN"
Setting parameter "EXPT_CONFIG_FN" in file "var_defns.sh" to ""config.sh"" ...

var_name = "RGNL_GRID_NML_FN"
Setting parameter "RGNL_GRID_NML_FN" in file "var_defns.sh" to ""regional_grid.nml"" ...

var_name = "DATA_TABLE_FN"
Setting parameter "DATA_TABLE_FN" in file "var_defns.sh" to ""data_table"" ...

var_name = "DIAG_TABLE_FN"
Setting parameter "DIAG_TABLE_FN" in file "var_defns.sh" to ""diag_table"" ...

var_name = "FIELD_TABLE_FN"
Setting parameter "FIELD_TABLE_FN" in file "var_defns.sh" to ""field_table"" ...

var_name = "FV3_NML_BASE_FN"
Setting parameter "FV3_NML_BASE_FN" in file "var_defns.sh" to ""input.nml.FV3"" ...

var_name = "FV3_NML_YAML_CONFIG_FN"
Setting parameter "FV3_NML_YAML_CONFIG_FN" in file "var_defns.sh" to ""FV3.input.yml"" ...

var_name = "MODEL_CONFIG_FN"
Setting parameter "MODEL_CONFIG_FN" in file "var_defns.sh" to ""model_configure"" ...

var_name = "NEMS_CONFIG_FN"
Setting parameter "NEMS_CONFIG_FN" in file "var_defns.sh" to ""nems.configure"" ...

var_name = "FV3_EXEC_FN"
Setting parameter "FV3_EXEC_FN" in file "var_defns.sh" to ""fv3_gfs.x"" ...

var_name = "WFLOW_XML_FN"
Setting parameter "WFLOW_XML_FN" in file "var_defns.sh" to ""FV3SAR_wflow.xml"" ...

var_name = "GLOBAL_VAR_DEFNS_FN"
Setting parameter "GLOBAL_VAR_DEFNS_FN" in file "var_defns.sh" to ""var_defns.sh"" ...

var_name = "EXTRN_MDL_ICS_VAR_DEFNS_FN"
Setting parameter "EXTRN_MDL_ICS_VAR_DEFNS_FN" in file "var_defns.sh" to ""extrn_mdl_ics_var_defns.sh"" ...

var_name = "EXTRN_MDL_LBCS_VAR_DEFNS_FN"
Setting parameter "EXTRN_MDL_LBCS_VAR_DEFNS_FN" in file "var_defns.sh" to ""extrn_mdl_lbcs_var_defns.sh"" ...

var_name = "WFLOW_LAUNCH_SCRIPT_FN"
Setting parameter "WFLOW_LAUNCH_SCRIPT_FN" in file "var_defns.sh" to ""launch_FV3SAR_wflow.sh"" ...

var_name = "WFLOW_LAUNCH_LOG_FN"
Setting parameter "WFLOW_LAUNCH_LOG_FN" in file "var_defns.sh" to ""log.launch_FV3SAR_wflow"" ...

var_name = "DATE_FIRST_CYCL"
Setting parameter "DATE_FIRST_CYCL" in file "var_defns.sh" to ""20191011"" ...

var_name = "DATE_LAST_CYCL"
Setting parameter "DATE_LAST_CYCL" in file "var_defns.sh" to ""20191011"" ...

var_name = "CYCL_HRS"
Setting parameter "CYCL_HRS" in file "var_defns.sh" to ""12"" ...

var_name = "FCST_LEN_HRS"
Setting parameter "FCST_LEN_HRS" in file "var_defns.sh" to ""24"" ...

var_name = "EXTRN_MDL_NAME_ICS"
Setting parameter "EXTRN_MDL_NAME_ICS" in file "var_defns.sh" to ""HRRRX"" ...

var_name = "EXTRN_MDL_NAME_LBCS"
Setting parameter "EXTRN_MDL_NAME_LBCS" in file "var_defns.sh" to ""RAPX"" ...

var_name = "LBC_SPEC_INTVL_HRS"
Setting parameter "LBC_SPEC_INTVL_HRS" in file "var_defns.sh" to ""3"" ...

var_name = "FV3GFS_FILE_FMT_ICS"
Setting parameter "FV3GFS_FILE_FMT_ICS" in file "var_defns.sh" to ""nemsio"" ...

var_name = "FV3GFS_FILE_FMT_LBCS"
Setting parameter "FV3GFS_FILE_FMT_LBCS" in file "var_defns.sh" to ""nemsio"" ...

var_name = "USE_CCPP"
Setting parameter "USE_CCPP" in file "var_defns.sh" to ""TRUE"" ...

var_name = "CCPP_PHYS_SUITE"
Setting parameter "CCPP_PHYS_SUITE" in file "var_defns.sh" to ""FV3_GSD_SAR"" ...

var_name = "OZONE_PARAM_NO_CCPP"
Setting parameter "OZONE_PARAM_NO_CCPP" in file "var_defns.sh" to ""ozphys"" ...

var_name = "GRID_GEN_METHOD"
Setting parameter "GRID_GEN_METHOD" in file "var_defns.sh" to ""JPgrid"" ...

var_name = "GFDLgrid_LON_T6_CTR"
Setting parameter "GFDLgrid_LON_T6_CTR" in file "var_defns.sh" to ""-97.5"" ...

var_name = "GFDLgrid_LAT_T6_CTR"
Setting parameter "GFDLgrid_LAT_T6_CTR" in file "var_defns.sh" to ""35.5"" ...

var_name = "GFDLgrid_RES"
Setting parameter "GFDLgrid_RES" in file "var_defns.sh" to ""384"" ...

var_name = "GFDLgrid_STRETCH_FAC"
Setting parameter "GFDLgrid_STRETCH_FAC" in file "var_defns.sh" to ""1.5"" ...

var_name = "GFDLgrid_REFINE_RATIO"
Setting parameter "GFDLgrid_REFINE_RATIO" in file "var_defns.sh" to ""3"" ...

var_name = "GFDLgrid_ISTART_OF_RGNL_DOM_ON_T6G"
Setting parameter "GFDLgrid_ISTART_OF_RGNL_DOM_ON_T6G" in file "var_defns.sh" to ""10"" ...

var_name = "GFDLgrid_IEND_OF_RGNL_DOM_ON_T6G"
Setting parameter "GFDLgrid_IEND_OF_RGNL_DOM_ON_T6G" in file "var_defns.sh" to ""374"" ...

var_name = "GFDLgrid_JSTART_OF_RGNL_DOM_ON_T6G"
Setting parameter "GFDLgrid_JSTART_OF_RGNL_DOM_ON_T6G" in file "var_defns.sh" to ""10"" ...

var_name = "GFDLgrid_JEND_OF_RGNL_DOM_ON_T6G"
Setting parameter "GFDLgrid_JEND_OF_RGNL_DOM_ON_T6G" in file "var_defns.sh" to ""374"" ...

var_name = "GFDLgrid_USE_GFDLgrid_RES_IN_FILENAMES"
Setting parameter "GFDLgrid_USE_GFDLgrid_RES_IN_FILENAMES" in file "var_defns.sh" to ""TRUE"" ...

var_name = "JPgrid_LON_CTR"
Setting parameter "JPgrid_LON_CTR" in file "var_defns.sh" to ""-97.5"" ...

var_name = "JPgrid_LAT_CTR"
Setting parameter "JPgrid_LAT_CTR" in file "var_defns.sh" to ""38.5"" ...

var_name = "JPgrid_DELX"
Setting parameter "JPgrid_DELX" in file "var_defns.sh" to ""3000.0"" ...

var_name = "JPgrid_DELY"
Setting parameter "JPgrid_DELY" in file "var_defns.sh" to ""3000.0"" ...

var_name = "JPgrid_NX"
Setting parameter "JPgrid_NX" in file "var_defns.sh" to ""1734"" ...

var_name = "JPgrid_NY"
Setting parameter "JPgrid_NY" in file "var_defns.sh" to ""1008"" ...

var_name = "JPgrid_WIDE_HALO_WIDTH"
Setting parameter "JPgrid_WIDE_HALO_WIDTH" in file "var_defns.sh" to ""6"" ...

var_name = "JPgrid_ALPHA_PARAM"
Setting parameter "JPgrid_ALPHA_PARAM" in file "var_defns.sh" to ""0.21423"" ...

var_name = "JPgrid_KAPPA_PARAM"
Setting parameter "JPgrid_KAPPA_PARAM" in file "var_defns.sh" to ""-0.23209"" ...

var_name = "DT_ATMOS"
Setting parameter "DT_ATMOS" in file "var_defns.sh" to ""40"" ...

var_name = "LAYOUT_X"
Setting parameter "LAYOUT_X" in file "var_defns.sh" to ""34"" ...

var_name = "LAYOUT_Y"
Setting parameter "LAYOUT_Y" in file "var_defns.sh" to ""24"" ...

var_name = "BLOCKSIZE"
Setting parameter "BLOCKSIZE" in file "var_defns.sh" to ""34"" ...

var_name = "QUILTING"
Setting parameter "QUILTING" in file "var_defns.sh" to ""TRUE"" ...

var_name = "PRINT_ESMF"
Setting parameter "PRINT_ESMF" in file "var_defns.sh" to ""FALSE"" ...

var_name = "WRTCMP_write_groups"
Setting parameter "WRTCMP_write_groups" in file "var_defns.sh" to ""1"" ...

var_name = "WRTCMP_write_tasks_per_group"
Setting parameter "WRTCMP_write_tasks_per_group" in file "var_defns.sh" to ""24"" ...

var_name = "WRTCMP_output_grid"
Setting parameter "WRTCMP_output_grid" in file "var_defns.sh" to ""lambert_conformal"" ...

var_name = "WRTCMP_cen_lon"
Setting parameter "WRTCMP_cen_lon" in file "var_defns.sh" to ""-97.5"" ...

var_name = "WRTCMP_cen_lat"
Setting parameter "WRTCMP_cen_lat" in file "var_defns.sh" to ""38.5"" ...

var_name = "WRTCMP_lon_lwr_left"
Setting parameter "WRTCMP_lon_lwr_left" in file "var_defns.sh" to ""-122.21414225"" ...

var_name = "WRTCMP_lat_lwr_left"
Setting parameter "WRTCMP_lat_lwr_left" in file "var_defns.sh" to ""22.41403305"" ...

var_name = "WRTCMP_lon_upr_rght"
Setting parameter "WRTCMP_lon_upr_rght" in file "var_defns.sh" to """" ...

var_name = "WRTCMP_lat_upr_rght"
Setting parameter "WRTCMP_lat_upr_rght" in file "var_defns.sh" to """" ...

var_name = "WRTCMP_dlon"
Setting parameter "WRTCMP_dlon" in file "var_defns.sh" to """" ...

var_name = "WRTCMP_dlat"
Setting parameter "WRTCMP_dlat" in file "var_defns.sh" to """" ...

var_name = "WRTCMP_stdlat1"
Setting parameter "WRTCMP_stdlat1" in file "var_defns.sh" to ""38.5"" ...

var_name = "WRTCMP_stdlat2"
Setting parameter "WRTCMP_stdlat2" in file "var_defns.sh" to ""38.5"" ...

var_name = "WRTCMP_nx"
Setting parameter "WRTCMP_nx" in file "var_defns.sh" to ""1738"" ...

var_name = "WRTCMP_ny"
Setting parameter "WRTCMP_ny" in file "var_defns.sh" to ""974"" ...

var_name = "WRTCMP_dx"
Setting parameter "WRTCMP_dx" in file "var_defns.sh" to ""3000.0"" ...

var_name = "WRTCMP_dy"
Setting parameter "WRTCMP_dy" in file "var_defns.sh" to ""3000.0"" ...

var_name = "PREDEF_GRID_NAME"
Setting parameter "PREDEF_GRID_NAME" in file "var_defns.sh" to ""GSD_HRRR3km"" ...

var_name = "EMC_GRID_NAME"
Setting parameter "EMC_GRID_NAME" in file "var_defns.sh" to """" ...

var_name = "PREEXISTING_DIR_METHOD"
Setting parameter "PREEXISTING_DIR_METHOD" in file "var_defns.sh" to ""rename"" ...

var_name = "VERBOSE"
Setting parameter "VERBOSE" in file "var_defns.sh" to ""TRUE"" ...

var_name = "RUN_TASK_MAKE_GRID"
Setting parameter "RUN_TASK_MAKE_GRID" in file "var_defns.sh" to ""TRUE"" ...

var_name = "GRID_DIR"
Setting parameter "GRID_DIR" in file "var_defns.sh" to ""/scratch2/BMC/det/jwolff/HIWT/expt_dirs/test_regional_workflow_add_metplus/grid"" ...

var_name = "RUN_TASK_MAKE_OROG"
Setting parameter "RUN_TASK_MAKE_OROG" in file "var_defns.sh" to ""TRUE"" ...

var_name = "OROG_DIR"
Setting parameter "OROG_DIR" in file "var_defns.sh" to ""/scratch2/BMC/det/jwolff/HIWT/expt_dirs/test_regional_workflow_add_metplus/orog"" ...

var_name = "RUN_TASK_MAKE_SFC_CLIMO"
Setting parameter "RUN_TASK_MAKE_SFC_CLIMO" in file "var_defns.sh" to ""TRUE"" ...

var_name = "SFC_CLIMO_DIR"
Setting parameter "SFC_CLIMO_DIR" in file "var_defns.sh" to ""/scratch2/BMC/det/jwolff/HIWT/expt_dirs/test_regional_workflow_add_metplus/sfc_climo"" ...

var_name = "SFC_CLIMO_FIELDS"
Setting parameter "SFC_CLIMO_FIELDS" in file "var_defns.sh" to "( \\\n"facsf" \\\n"maximum_snow_albedo" \\\n"slope_type" \\\n"snowfree_albedo" \\\n"soil_type" \\\n"substrate_temperature" \\\n"vegetation_greenness" \\\n"vegetation_type" \\\n)" ...

var_name = "FNGLAC"
Setting parameter "FNGLAC" in file "var_defns.sh" to ""global_glacier.2x2.grb"" ...

var_name = "FNMXIC"
Setting parameter "FNMXIC" in file "var_defns.sh" to ""global_maxice.2x2.grb"" ...

var_name = "FNTSFC"
Setting parameter "FNTSFC" in file "var_defns.sh" to ""RTGSST.1982.2012.monthly.clim.grb"" ...

var_name = "FNSNOC"
Setting parameter "FNSNOC" in file "var_defns.sh" to ""global_snoclim.1.875.grb"" ...

var_name = "FNZORC"
Setting parameter "FNZORC" in file "var_defns.sh" to ""igbp"" ...

var_name = "FNAISC"
Setting parameter "FNAISC" in file "var_defns.sh" to ""CFSR.SEAICE.1982.2012.monthly.clim.grb"" ...

var_name = "FNSMCC"
Setting parameter "FNSMCC" in file "var_defns.sh" to ""global_soilmgldas.t126.384.190.grb"" ...

var_name = "FNMSKH"
Setting parameter "FNMSKH" in file "var_defns.sh" to ""seaice_newland.grb"" ...

var_name = "FIXgsm_FILES_TO_COPY_TO_FIXam"
Setting parameter "FIXgsm_FILES_TO_COPY_TO_FIXam" in file "var_defns.sh" to "( \\\n"global_glacier.2x2.grb" \\\n"global_maxice.2x2.grb" \\\n"RTGSST.1982.2012.monthly.clim.grb" \\\n"global_snoclim.1.875.grb" \\\n"CFSR.SEAICE.1982.2012.monthly.clim.grb" \\\n"global_soilmgldas.t126.384.190.grb" \\\n"seaice_newland.grb" \\\n"global_climaeropac_global.txt" \\\n"fix_co2_proj/global_co2historicaldata_2010.txt" \\\n"fix_co2_proj/global_co2historicaldata_2011.txt" \\\n"fix_co2_proj/global_co2historicaldata_2012.txt" \\\n"fix_co2_proj/global_co2historicaldata_2013.txt" \\\n"fix_co2_proj/global_co2historicaldata_2014.txt" \\\n"fix_co2_proj/global_co2historicaldata_2015.txt" \\\n"fix_co2_proj/global_co2historicaldata_2016.txt" \\\n"fix_co2_proj/global_co2historicaldata_2017.txt" \\\n"fix_co2_proj/global_co2historicaldata_2018.txt" \\\n"global_co2historicaldata_glob.txt" \\\n"co2monthlycyc.txt" \\\n"global_h2o_pltc.f77" \\\n"global_hyblev.l65.txt" \\\n"global_zorclim.1x1.grb" \\\n"global_sfc_emissivity_idx.txt" \\\n"global_solarconstant_noaa_an.txt" \\\n"ozprdlos_2015_new_sbuvO3_tclm15_nuchem.f77" \\\n)" ...

var_name = "FV3_NML_VARNAME_TO_FIXam_FILES_MAPPING"
Setting parameter "FV3_NML_VARNAME_TO_FIXam_FILES_MAPPING" in file "var_defns.sh" to "( \\\n"FNGLAC | global_glacier.2x2.grb" \\\n"FNMXIC | global_maxice.2x2.grb" \\\n"FNTSFC | RTGSST.1982.2012.monthly.clim.grb" \\\n"FNSNOC | global_snoclim.1.875.grb" \\\n"FNAISC | CFSR.SEAICE.1982.2012.monthly.clim.grb" \\\n"FNSMCC | global_soilmgldas.t126.384.190.grb" \\\n"FNMSKH | seaice_newland.grb" \\\n)" ...

var_name = "FV3_NML_VARNAME_TO_SFC_CLIMO_FIELD_MAPPING"
Setting parameter "FV3_NML_VARNAME_TO_SFC_CLIMO_FIELD_MAPPING" in file "var_defns.sh" to "( \\\n"FNALBC  | snowfree_albedo" \\\n"FNALBC2 | facsf" \\\n"FNTG3C  | substrate_temperature" \\\n"FNVEGC  | vegetation_greenness" \\\n"FNVETC  | vegetation_type" \\\n"FNSOTC  | soil_type" \\\n"FNVMNC  | vegetation_greenness" \\\n"FNVMXC  | vegetation_greenness" \\\n"FNSLPC  | slope_type" \\\n"FNABSC  | maximum_snow_albedo" \\\n)" ...

var_name = "CYCLEDIR_LINKS_TO_FIXam_FILES_MAPPING"
Setting parameter "CYCLEDIR_LINKS_TO_FIXam_FILES_MAPPING" in file "var_defns.sh" to "( \\\n"aerosol.dat                | global_climaeropac_global.txt" \\\n"co2historicaldata_2010.txt | fix_co2_proj/global_co2historicaldata_2010.txt" \\\n"co2historicaldata_2011.txt | fix_co2_proj/global_co2historicaldata_2011.txt" \\\n"co2historicaldata_2012.txt | fix_co2_proj/global_co2historicaldata_2012.txt" \\\n"co2historicaldata_2013.txt | fix_co2_proj/global_co2historicaldata_2013.txt" \\\n"co2historicaldata_2014.txt | fix_co2_proj/global_co2historicaldata_2014.txt" \\\n"co2historicaldata_2015.txt | fix_co2_proj/global_co2historicaldata_2015.txt" \\\n"co2historicaldata_2016.txt | fix_co2_proj/global_co2historicaldata_2016.txt" \\\n"co2historicaldata_2017.txt | fix_co2_proj/global_co2historicaldata_2017.txt" \\\n"co2historicaldata_2018.txt | fix_co2_proj/global_co2historicaldata_2018.txt" \\\n"co2historicaldata_glob.txt | global_co2historicaldata_glob.txt" \\\n"co2monthlycyc.txt          | co2monthlycyc.txt" \\\n"global_h2oprdlos.f77       | global_h2o_pltc.f77" \\\n"global_zorclim.1x1.grb     | global_zorclim.1x1.grb" \\\n"sfc_emissivity_idx.txt     | global_sfc_emissivity_idx.txt" \\\n"solarconstant_noaa_an.txt  | global_solarconstant_noaa_an.txt" \\\n"global_o3prdlos.f77        | ozprdlos_2015_new_sbuvO3_tclm15_nuchem.f77" \\\n)" ...

var_name = "MAKE_GRID_TN"
Setting parameter "MAKE_GRID_TN" in file "var_defns.sh" to ""make_grid"" ...

var_name = "MAKE_OROG_TN"
Setting parameter "MAKE_OROG_TN" in file "var_defns.sh" to ""make_orog"" ...

var_name = "MAKE_SFC_CLIMO_TN"
Setting parameter "MAKE_SFC_CLIMO_TN" in file "var_defns.sh" to ""make_sfc_climo"" ...

var_name = "GET_EXTRN_ICS_TN"
Setting parameter "GET_EXTRN_ICS_TN" in file "var_defns.sh" to ""get_extrn_ics"" ...

var_name = "GET_EXTRN_LBCS_TN"
Setting parameter "GET_EXTRN_LBCS_TN" in file "var_defns.sh" to ""get_extrn_lbcs"" ...

var_name = "MAKE_ICS_TN"
Setting parameter "MAKE_ICS_TN" in file "var_defns.sh" to ""make_ics"" ...

var_name = "MAKE_LBCS_TN"
Setting parameter "MAKE_LBCS_TN" in file "var_defns.sh" to ""make_lbcs"" ...

var_name = "RUN_FCST_TN"
Setting parameter "RUN_FCST_TN" in file "var_defns.sh" to ""run_fcst"" ...

var_name = "RUN_POST_TN"
Setting parameter "RUN_POST_TN" in file "var_defns.sh" to ""run_post"" ...

var_name = "NNODES_MAKE_GRID"
Setting parameter "NNODES_MAKE_GRID" in file "var_defns.sh" to ""1"" ...

var_name = "NNODES_MAKE_OROG"
Setting parameter "NNODES_MAKE_OROG" in file "var_defns.sh" to ""1"" ...

var_name = "NNODES_MAKE_SFC_CLIMO"
Setting parameter "NNODES_MAKE_SFC_CLIMO" in file "var_defns.sh" to ""2"" ...

var_name = "NNODES_GET_EXTRN_ICS"
Setting parameter "NNODES_GET_EXTRN_ICS" in file "var_defns.sh" to ""1"" ...

var_name = "NNODES_GET_EXTRN_LBCS"
Setting parameter "NNODES_GET_EXTRN_LBCS" in file "var_defns.sh" to ""1"" ...

var_name = "NNODES_MAKE_ICS"
Setting parameter "NNODES_MAKE_ICS" in file "var_defns.sh" to ""4"" ...

var_name = "NNODES_MAKE_LBCS"
Setting parameter "NNODES_MAKE_LBCS" in file "var_defns.sh" to ""4"" ...

var_name = "NNODES_RUN_FCST"
Setting parameter "NNODES_RUN_FCST" in file "var_defns.sh" to ""35"" ...

var_name = "NNODES_RUN_POST"
Setting parameter "NNODES_RUN_POST" in file "var_defns.sh" to ""2"" ...

var_name = "PPN_MAKE_GRID"
Setting parameter "PPN_MAKE_GRID" in file "var_defns.sh" to ""24"" ...

var_name = "PPN_MAKE_OROG"
Setting parameter "PPN_MAKE_OROG" in file "var_defns.sh" to ""24"" ...

var_name = "PPN_MAKE_SFC_CLIMO"
Setting parameter "PPN_MAKE_SFC_CLIMO" in file "var_defns.sh" to ""24"" ...

var_name = "PPN_GET_EXTRN_ICS"
Setting parameter "PPN_GET_EXTRN_ICS" in file "var_defns.sh" to ""1"" ...

var_name = "PPN_GET_EXTRN_LBCS"
Setting parameter "PPN_GET_EXTRN_LBCS" in file "var_defns.sh" to ""1"" ...

var_name = "PPN_MAKE_ICS"
Setting parameter "PPN_MAKE_ICS" in file "var_defns.sh" to ""12"" ...

var_name = "PPN_MAKE_LBCS"
Setting parameter "PPN_MAKE_LBCS" in file "var_defns.sh" to ""12"" ...

var_name = "PPN_RUN_FCST"
Setting parameter "PPN_RUN_FCST" in file "var_defns.sh" to ""24"" ...

var_name = "PPN_RUN_POST"
Setting parameter "PPN_RUN_POST" in file "var_defns.sh" to ""24"" ...

var_name = "WTIME_MAKE_GRID"
Setting parameter "WTIME_MAKE_GRID" in file "var_defns.sh" to ""00:20:00"" ...

var_name = "WTIME_MAKE_OROG"
Setting parameter "WTIME_MAKE_OROG" in file "var_defns.sh" to ""00:20:00"" ...

var_name = "WTIME_MAKE_SFC_CLIMO"
Setting parameter "WTIME_MAKE_SFC_CLIMO" in file "var_defns.sh" to ""00:20:00"" ...

var_name = "WTIME_GET_EXTRN_ICS"
Setting parameter "WTIME_GET_EXTRN_ICS" in file "var_defns.sh" to ""00:45:00"" ...

var_name = "WTIME_GET_EXTRN_LBCS"
Setting parameter "WTIME_GET_EXTRN_LBCS" in file "var_defns.sh" to ""00:45:00"" ...

var_name = "WTIME_MAKE_ICS"
Setting parameter "WTIME_MAKE_ICS" in file "var_defns.sh" to ""00:30:00"" ...

var_name = "WTIME_MAKE_LBCS"
Setting parameter "WTIME_MAKE_LBCS" in file "var_defns.sh" to ""00:30:00"" ...

var_name = "WTIME_RUN_FCST"
Setting parameter "WTIME_RUN_FCST" in file "var_defns.sh" to ""04:30:00"" ...

var_name = "WTIME_RUN_POST"
Setting parameter "WTIME_RUN_POST" in file "var_defns.sh" to ""00:15:00"" ...

========================================================================
Setup script completed successfully!!!
========================================================================
./generate_FV3SAR_wflow.sh: line 203: model:: command not found
./generate_FV3SAR_wflow.sh: line 204: met_install_dir:: command not found
./generate_FV3SAR_wflow.sh: line 205: metplus_path:: command not found
./generate_FV3SAR_wflow.sh: line 206: vx_config_dir:: command not found
./generate_FV3SAR_wflow.sh: line 207: metplus_conf:: command not found
./generate_FV3SAR_wflow.sh: line 208: met_config:: command not found
./generate_FV3SAR_wflow.sh: line 209: ccpa_obs_dir:: command not found
./generate_FV3SAR_wflow.sh: line 210: ndas_obs_dir:: command not found

The variable "settings" specifying values of the rococo XML variables
has been set as follows:

settings =
#
# Parameters needed by the job scheduler.
#
  'account': gsd-fv3
  'sched': slurm
  'queue_default': batch
  'queue_default_tag': queue
  'queue_hpss': service
  'queue_hpss_tag': partition
  'queue_fcst': batch
  'queue_fcst_tag': queue
#
# Workflow task names.
#
  'make_grid_tn': make_grid
  'make_orog_tn': make_orog
  'make_sfc_climo_tn': make_sfc_climo
  'get_extrn_ics_tn': get_extrn_ics
  'get_extrn_lbcs_tn': get_extrn_lbcs
  'make_ics_tn': make_ics
  'make_lbcs_tn': make_lbcs
  'run_fcst_tn': run_fcst
  'run_post_tn': run_post
  'vx_tn': run_vx
  'vx_gridstat_tn': run_gridstatvx
  'vx_pointstat_tn': run_pointstatvx
#
# Number of nodes to use for each task.
#
  'nnodes_make_grid': 1
  'nnodes_make_orog': 1
  'nnodes_make_sfc_climo': 2
  'nnodes_get_extrn_ics': 1
  'nnodes_get_extrn_lbcs': 1
  'nnodes_make_ics': 4
  'nnodes_make_lbcs': 4
  'nnodes_run_fcst': 35
  'nnodes_run_post': 2
  'nnodes_run_vx_gridstat': 1
  'nnodes_run_vx_pointstat': 1

#
# Number of logical processes per node for each task.  If running without
# threading, this is equal to the number of MPI processes per node.
#
  'ppn_make_grid': 24
  'ppn_make_orog': 24
  'ppn_make_sfc_climo': 24
  'ppn_get_extrn_ics': 1
  'ppn_get_extrn_lbcs': 1
  'ppn_make_ics': 12
  'ppn_make_lbcs': 12
  'ppn_run_fcst': 24
  'ppn_run_post': 24
  'ppn_vx_gridstat': 1
  'ppn_vx_pointstat': 1

#
# Maximum wallclock time for each task.
#
  'wtime_make_grid': 00:20:00
  'wtime_make_orog': 00:20:00
  'wtime_make_sfc_climo': 00:20:00
  'wtime_get_extrn_ics': 00:45:00
  'wtime_get_extrn_lbcs': 00:45:00
  'wtime_make_ics': 00:30:00
  'wtime_make_lbcs': 00:30:00
  'wtime_run_fcst': 04:30:00
  'wtime_run_post': 00:15:00
  'wtime_vx_gridstat': 01:00:00
  'wtime_vx_pointstat': 01:00:00
#
# Flags that specify whether to run the preprocessing tasks.
#
  'run_task_make_grid': TRUE
  'run_task_make_orog': TRUE
  'run_task_make_sfc_climo': TRUE
  'run_task_vx_grdistat': TRUE
  'run_task_vx_pointstat': TRUE
#
# Number of physical cores per node for the current machine.
#
  'ncores_per_node': 24
#
# Directories and files.
#
  'jobsdir': /scratch2/BMC/det/jwolff/HIWT/ufs-srweather-app/regional_workflow/jobs
  'logdir': /scratch2/BMC/det/jwolff/HIWT/expt_dirs/test_regional_workflow_add_metplus/log
  'cycle_basedir': /scratch2/BMC/det/jwolff/HIWT/expt_dirs/test_regional_workflow_add_metplus
  'global_var_defns_fp': /scratch2/BMC/det/jwolff/HIWT/expt_dirs/test_regional_workflow_add_metplus/var_defns.sh
  'load_modules_run_task_fp': /scratch2/BMC/det/jwolff/HIWT/ufs-srweather-app/regional_workflow/ush/load_modules_run_task.sh
#
# External model information for generating ICs and LBCs.
#
  'extrn_mdl_name_ics': HRRRX
  'extrn_mdl_name_lbcs': RAPX
#
# Parameters that determine the set of cycles to run.
#
  'date_first_cycl': !datetime 2019101112
  'date_last_cycl': !datetime 2019101112
  'cycl_freq': !!str 24:00:00
#
# Forecast length (same for all cycles).
#
  'fcst_len_hrs': 24

"cd_vrfy" operation returned with a message.  This command was 
issued from function "generate_FV3SAR_wflow" in file:

  "/scratch2/BMC/det/jwolff/HIWT/ufs-srweather-app/regional_workflow/modulefiles/tasks/hera/generate_FV3SAR_wflow.sh"

Message from "cd_vrfy" function's "cd" operation:
  /scratch2/BMC/det/jwolff/HIWT/ufs-srweather-app/regional_workflow_add_metplus/ush

Creating symlink in the experiment directory (EXPTDIR) that points to the
workflow launch script (WFLOW_LAUNCH_SCRIPT_FP):
  EXPTDIR = "/scratch2/BMC/det/jwolff/HIWT/expt_dirs/test_regional_workflow_add_metplus"
  WFLOW_LAUNCH_SCRIPT_FP = "/scratch2/BMC/det/jwolff/HIWT/ufs-srweather-app/regional_workflow/ush/launch_FV3SAR_wflow.sh"

Copying fixed files from system directory (FIXgsm) to a subdirectory
(FIXam) in the experiment directory:
  FIXgsm = "/scratch1/NCEPDEV/global/glopara/fix/fix_am"
  FIXam = "/scratch2/BMC/det/jwolff/HIWT/expt_dirs/test_regional_workflow_add_metplus/fix_am"

Copying templates of various input files to the experiment directory...

  Copying the template data table file to the experiment directory...

  Copying the template field table file to the experiment directory...

  Copying the template NEMS configuration file to the experiment direct-
  ory...

Copying the CCPP physics suite definition XML file from its location in
the forecast model directory sturcture to the experiment directory...

Copying the fixed file containing cloud condensation nuclei (CCN) data
(needed by the Thompson microphysics parameterization) to the experiment
directory...

Setting parameters in FV3 namelist file (FV3_NML_FP):
  FV3_NML_FP = "/scratch2/BMC/det/jwolff/HIWT/expt_dirs/test_regional_workflow_add_metplus/input.nml"

The variable "settings" specifying values of the namelist variables
has been set as follows:

settings =
'atmos_model_nml': {
    'blocksize': 34,
    'ccpp_suite': FV3_GSD_SAR,
  }
'fv_core_nml': {
    'target_lon': -97.5,
    'target_lat': 38.5,
#
# Question:
# For a JPgrid type grid, what should stretch_fac be set to?  This depends
# on how the FV3 code uses the stretch_fac parameter in the namelist file.
# Recall that for a JPgrid, it gets set in the function set_gridparams_JPgrid(.sh)
# to something like 0.9999, but is it ok to set it to that here in the
# FV3 namelist file?
#
    'stretch_fac': 0.999,
    'npx': 1735,
    'npy': 1009,
    'layout': [34, 24],
    'bc_update_interval': 3,
  }
'gfs_physics_nml': {
    'lsoil': 9,
  }
'namsfc': {
    'FNGLAC': ../fix_am/global_glacier.2x2.grb,
    'FNMXIC': ../fix_am/global_maxice.2x2.grb,
    'FNTSFC': ../fix_am/RTGSST.1982.2012.monthly.clim.grb,
    'FNSNOC': ../fix_am/global_snoclim.1.875.grb,
    'FNAISC': ../fix_am/CFSR.SEAICE.1982.2012.monthly.clim.grb,
    'FNSMCC': ../fix_am/global_soilmgldas.t126.384.190.grb,
    'FNMSKH': ../fix_am/seaice_newland.grb,
#    'FNZORC': "igbp",
#    'FNTSFA': "",
#    'FNACNA': "",
#    'FNSNOA': "",
  }

========================================================================
========================================================================

Workflow generation completed.

========================================================================
========================================================================

The experiment directory is:

  > EXPTDIR="/scratch2/BMC/det/jwolff/HIWT/expt_dirs/test_regional_workflow_add_metplus"


To launch the workflow, first ensure that you have a compatible version
of rocoto loaded.  For example, to load version 1.3.1 of rocoto, use

  > module load rocoto/1.3.1

(This version has been tested on hera; later versions may also work but
have not been tested.)


To launch the workflow, change location to the experiment directory
(EXPTDIR) and issue the rocotrun command, as follows:

  > cd /scratch2/BMC/det/jwolff/HIWT/expt_dirs/test_regional_workflow_add_metplus
  > rocotorun -w FV3SAR_wflow.xml -d FV3SAR_wflow.db -v 10

To check on the status of the workflow, issue the rocotostat command
(also from the experiment directory):

  > rocotostat -w FV3SAR_wflow.xml -d FV3SAR_wflow.db -v 10

Note that:

1) The rocotorun command must be issued after the completion of each
   task in the workflow in order for the workflow to submit the next
   task(s) to the queue.

2) In order for the output of the rocotostat command to be up-to-date,
   the rocotorun command must be issued immediately before the rocoto-
   stat command.

For automatic resubmission of the workflow (say every 3 minutes), the
following line can be added to the user's crontab (use "crontab -e" to
edit the cron table):

*/3 * * * * cd /scratch2/BMC/det/jwolff/HIWT/expt_dirs/test_regional_workflow_add_metplus && ./launch_FV3SAR_wflow.sh

Done.

