+ source ./machine-setup.sh
++ pwd
+ cwd=/work/noaa/fv3-cam/jaravequ/regional_workflow-1/sorc/regional_utils.fd/sorc
+ USE_PREINST_LIBS=true
+ '[' true = true ']'
+ export MOD_PATH
+ source ../modulefiles/fv3gfs/orog.orion
+ '[' '!' -d ../exec ']'
+ cd ./orog.fd
+ '[' orion = wcoss_cray ']'
+ '[' orion = wcoss_dell_p3 ']'
+ '[' orion = wcoss ']'
+ '[' orion = jet ']'
+ '[' orion = hera ']'
+ '[' orion = orion ']'
+ INCS=-I/apps/intel-2018/netcdf-4.7.2/include
+ export 'LIBSM=/apps/contrib/NCEPLIBS/orion/lib/libbacio_v2.0.3_4.a /apps/contrib/NCEPLIBS/orion/lib/libw3nco_v2.0.7_d.a /apps/contrib/NCEPLIBS/orion/lib/libip_v3.0.2_d.a /apps/contrib/NCEPLIBS/orion/lib/libsp_v2.0.3_d.a -L/apps/intel-2018/netcdf-4.7.2/lib -lnetcdff -lnetcdf'
+ LIBSM='/apps/contrib/NCEPLIBS/orion/lib/libbacio_v2.0.3_4.a /apps/contrib/NCEPLIBS/orion/lib/libw3nco_v2.0.7_d.a /apps/contrib/NCEPLIBS/orion/lib/libip_v3.0.2_d.a /apps/contrib/NCEPLIBS/orion/lib/libsp_v2.0.3_d.a -L/apps/intel-2018/netcdf-4.7.2/lib -lnetcdff -lnetcdf'
+ export 'FFLAGSM=-O3 -g -traceback -r8  -convert big_endian -fp-model precise  -assume byterecl -I/apps/intel-2018/netcdf-4.7.2/include'
+ FFLAGSM='-O3 -g -traceback -r8  -convert big_endian -fp-model precise  -assume byterecl -I/apps/intel-2018/netcdf-4.7.2/include'
+ export FCMP=ifort
+ FCMP=ifort
+ export FCMP95=ifort
+ FCMP95=ifort
+ export 'LDFLAGSM=-qopenmp -auto'
+ LDFLAGSM='-qopenmp -auto'
+ export 'OMPFLAGM=-qopenmp -auto'
+ OMPFLAGM='-qopenmp -auto'
+ make -f Makefile clobber
rm -f mtnlm7_oclsm.o netcdf_io.o *.mod
rm -f orog.x
+ make -f Makefile
ifort -O3 -g -traceback -r8  -convert big_endian -fp-model precise  -assume byterecl -I/apps/intel-2018/netcdf-4.7.2/include -qopenmp -auto -c mtnlm7_oclsm.f
ifort -O3 -g -traceback -r8  -convert big_endian -fp-model precise  -assume byterecl -I/apps/intel-2018/netcdf-4.7.2/include -qopenmp -auto -c netcdf_io.F90
ifort -qopenmp -auto mtnlm7_oclsm.o netcdf_io.o /apps/contrib/NCEPLIBS/orion/lib/libbacio_v2.0.3_4.a /apps/contrib/NCEPLIBS/orion/lib/libw3nco_v2.0.7_d.a /apps/contrib/NCEPLIBS/orion/lib/libip_v3.0.2_d.a /apps/contrib/NCEPLIBS/orion/lib/libsp_v2.0.3_d.a -L/apps/intel-2018/netcdf-4.7.2/lib -lnetcdff -lnetcdf -o orog.x
+ make -f Makefile install
cp orog.x ../../exec/.
+ make -f Makefile clobber
rm -f mtnlm7_oclsm.o netcdf_io.o *.mod
rm -f orog.x
+ exit
