+ target=orion
+ [[ orion == \l\i\n\u\x\.\g\n\u ]]
+ [[ orion == \l\i\n\u\x\.\i\n\t\e\l ]]
+ source ./machine-setup.sh
++ pwd
+ cwd=/work/noaa/fv3-cam/jaravequ/regional_workflow-1/sorc/regional_utils.fd/sorc
+ USE_PREINST_LIBS=true
+ '[' true = true ']'
+ export MOD_PATH
+ source ../modulefiles/chgres_cube.orion
+ '[' '!' -d ../exec ']'
+ cd chgres_cube.fd
+ make clean
rm -f *.o *.mod chgres_cube.exe ../../exec/chgres_cube.exe
+ make
mpiifort -O0 -g -traceback -r8 -i4 -qopenmp -convert big_endian -check bounds -warn unused -assume byterecl -I/apps/contrib/NCEPLIBS/lib/EXTERNAL/LOCAL_EXTERN/ESMF.801.08bs/mod -I/apps/contrib/NCEPLIBS/lib/EXTERNAL/LOCAL_EXTERN/ESMF.801.08bs/include -I/apps/contrib/NCEPLIBS/lib//netcdfp/include -c program_setup.f90
mpiifort -O0 -g -traceback -r8 -i4 -qopenmp -convert big_endian -check bounds -warn unused -assume byterecl -I/apps/contrib/NCEPLIBS/orion/include/nemsio_v2.2.4 -I/apps/contrib/NCEPLIBS/orion/include/sfcio_v1.1.1_4 -I/apps/contrib/NCEPLIBS/orion/include/sigio_v2.1.1_4 -I/apps/contrib/NCEPLIBS/orion/NCEPLIBS/NCEPLIBS-external/build5/wgrib2/grib2/lib -I/apps/contrib/NCEPLIBS/lib/EXTERNAL/LOCAL_EXTERN/ESMF.801.08bs/mod -I/apps/contrib/NCEPLIBS/lib/EXTERNAL/LOCAL_EXTERN/ESMF.801.08bs/include -I/apps/contrib/NCEPLIBS/lib//netcdfp/include -c model_grid.F90
mpiifort -O0 -g -traceback -r8 -i4 -qopenmp -convert big_endian -check bounds -warn unused -assume byterecl -c -I/apps/contrib/NCEPLIBS/lib/EXTERNAL/LOCAL_EXTERN/ESMF.801.08bs/mod -I/apps/contrib/NCEPLIBS/lib/EXTERNAL/LOCAL_EXTERN/ESMF.801.08bs/include -I/apps/contrib/NCEPLIBS/lib//netcdfp/include grib2_util.F90
mpiifort -O0 -g -traceback -r8 -i4 -qopenmp -convert big_endian -check bounds -warn unused -assume byterecl -I/apps/contrib/NCEPLIBS/orion/include/nemsio_v2.2.4 -I/apps/contrib/NCEPLIBS/orion/include/sigio_v2.1.1_4 -I/apps/contrib/NCEPLIBS/orion/include/sfcio_v1.1.1_4 -I/apps/contrib/NCEPLIBS/orion/NCEPLIBS/NCEPLIBS-external/build5/wgrib2/grib2/lib -I/apps/contrib/NCEPLIBS/lib/EXTERNAL/LOCAL_EXTERN/ESMF.801.08bs/mod -I/apps/contrib/NCEPLIBS/lib/EXTERNAL/LOCAL_EXTERN/ESMF.801.08bs/include -I/apps/contrib/NCEPLIBS/lib//netcdfp/include -c input_data.F90
mpiifort -O0 -g -traceback -r8 -i4 -qopenmp -convert big_endian -check bounds -warn unused -assume byterecl -I/apps/contrib/NCEPLIBS/lib/EXTERNAL/LOCAL_EXTERN/ESMF.801.08bs/mod -I/apps/contrib/NCEPLIBS/lib/EXTERNAL/LOCAL_EXTERN/ESMF.801.08bs/include -I/apps/contrib/NCEPLIBS/lib//netcdfp/include -c atmosphere.F90
mpiifort -O0 -g -traceback -r8 -i4 -qopenmp -convert big_endian -check bounds -warn unused -assume byterecl -I/apps/contrib/NCEPLIBS/lib/EXTERNAL/LOCAL_EXTERN/ESMF.801.08bs/mod -I/apps/contrib/NCEPLIBS/lib/EXTERNAL/LOCAL_EXTERN/ESMF.801.08bs/include -I/apps/contrib/NCEPLIBS/lib//netcdfp/include -c search_util.f90
mpiifort -O0 -g -traceback -r8 -i4 -qopenmp -convert big_endian -check bounds -warn unused -assume byterecl -I/apps/contrib/NCEPLIBS/lib/EXTERNAL/LOCAL_EXTERN/ESMF.801.08bs/mod -I/apps/contrib/NCEPLIBS/lib/EXTERNAL/LOCAL_EXTERN/ESMF.801.08bs/include -I/apps/contrib/NCEPLIBS/lib//netcdfp/include -c static_data.F90
mpiifort -O0 -g -traceback -r8 -i4 -qopenmp -convert big_endian -check bounds -warn unused -assume byterecl -I/apps/contrib/NCEPLIBS/lib/EXTERNAL/LOCAL_EXTERN/ESMF.801.08bs/mod -I/apps/contrib/NCEPLIBS/lib/EXTERNAL/LOCAL_EXTERN/ESMF.801.08bs/include -I/apps/contrib/NCEPLIBS/lib//netcdfp/include -c surface.F90
mpiifort -O0 -g -traceback -r8 -i4 -qopenmp -convert big_endian -check bounds -warn unused -assume byterecl -I/apps/contrib/NCEPLIBS/lib/EXTERNAL/LOCAL_EXTERN/ESMF.801.08bs/mod -I/apps/contrib/NCEPLIBS/lib/EXTERNAL/LOCAL_EXTERN/ESMF.801.08bs/include -I/apps/contrib/NCEPLIBS/lib//netcdfp/include -c chgres.F90
mpiifort -O0 -g -traceback -r8 -i4 -qopenmp -convert big_endian -check bounds -warn unused -assume byterecl -I/apps/contrib/NCEPLIBS/lib/EXTERNAL/LOCAL_EXTERN/ESMF.801.08bs/mod -I/apps/contrib/NCEPLIBS/lib/EXTERNAL/LOCAL_EXTERN/ESMF.801.08bs/include -I/apps/contrib/NCEPLIBS/lib//netcdfp/include -c write_data.F90
mpiifort -O0 -g -traceback -r8 -i4 -qopenmp -convert big_endian -check bounds -warn unused -assume byterecl -c -I/apps/contrib/NCEPLIBS/lib/EXTERNAL/LOCAL_EXTERN/ESMF.801.08bs/mod -I/apps/contrib/NCEPLIBS/lib/EXTERNAL/LOCAL_EXTERN/ESMF.801.08bs/include -I/apps/contrib/NCEPLIBS/lib//netcdfp/include utils.f90
mpiifort -O0 -g -traceback -r8 -i4 -qopenmp -convert big_endian -check bounds -warn unused -assume byterecl -I/apps/contrib/NCEPLIBS/lib/EXTERNAL/LOCAL_EXTERN/ESMF.801.08bs/mod -I/apps/contrib/NCEPLIBS/lib/EXTERNAL/LOCAL_EXTERN/ESMF.801.08bs/include -I/apps/contrib/NCEPLIBS/lib//netcdfp/include -o chgres_cube.exe chgres.o atmosphere.o input_data.o surface.o model_grid.o program_setup.o write_data.o search_util.o static_data.o utils.o grib2_util.o /apps/contrib/NCEPLIBS/orion/lib/libsp_v2.0.3_d.a /apps/contrib/NCEPLIBS/orion/lib/libnemsio_v2.2.4.a /apps/contrib/NCEPLIBS/orion/lib/libbacio_v2.0.3_4.a /apps/contrib/NCEPLIBS/orion/lib/libw3nco_v2.0.7_d.a /apps/contrib/NCEPLIBS/orion/lib/libsfcio_v1.1.1_4.a /apps/contrib/NCEPLIBS/orion/lib/libsigio_v2.1.1_4.a -L/apps/contrib/NCEPLIBS/lib/EXTERNAL/LOCAL_EXTERN/ESMF.801.08bs/lib -L/apps/contrib/NCEPLIBS/lib//netcdfp/lib  -Wl,-rpath,/apps/contrib/NCEPLIBS/lib/EXTERNAL/LOCAL_EXTERN/ESMF.801.08bs/lib -lesmf  -cxxlib -lrt -ldl  -lnetcdff -lnetcdf -L/apps/contrib/NCEPLIBS/lib/netcdfp/lib  -lhdf5 -lhdf5_hl -lhdf5 -lz /apps/contrib/NCEPLIBS/orion/NCEPLIBS/NCEPLIBS-external/build5/wgrib2/grib2/lib/libwgrib2.a
+ make install
mv chgres_cube.exe ../../exec
+ exit
