+ source ./machine-setup.sh
+ system_site=orion
+ '[' orion = wcoss_cray ']'
++ pwd
+ cwd=/work/noaa/fv3-cam/jaravequ/regional_workflow-1/sorc/regional_utils.fd/sorc
+ '[' '!' -d ../exec ']'
+ cd fre-nctools.fd/
++ pwd
+ home_dir=/work/noaa/fv3-cam/jaravequ/regional_workflow-1/sorc/regional_utils.fd/sorc/fre-nctools.fd/../..
++ pwd
+ srcDir=/work/noaa/fv3-cam/jaravequ/regional_workflow-1/sorc/regional_utils.fd/sorc/fre-nctools.fd
++ pwd
+ tmpDir=/work/noaa/fv3-cam/jaravequ/regional_workflow-1/sorc/regional_utils.fd/sorc/fre-nctools.fd/build
+ mkdir -p /work/noaa/fv3-cam/jaravequ/regional_workflow-1/sorc/regional_utils.fd/sorc/fre-nctools.fd/build
+ cd /work/noaa/fv3-cam/jaravequ/regional_workflow-1/sorc/regional_utils.fd/sorc/fre-nctools.fd/build
+ set +x
////////////////////////////////////////////////////////////////////////////////
//////////////////////////////////////////////////////// Environment Settings //
////////////////////////////////////////////////////////////////////////////////
+ set +x
No modules loaded

Currently Loaded Modules:
  1) munge/0.5.13      3) impi/2018.4    5) netcdf/4.7.2   7) fre-nctools.orion
  2) slurm/19.05.3-2   4) intel/2018.4   6) hdf5/1.10.5

 

+ MPICH_UNEX_BUFFER_SIZE=256m
+ MPICH_MAX_SHORT_MSG_SIZE=64000
+ MPICH_PTL_UNEX_EVENTS=160k
+ KMP_STACKSIZE=2g
+ F_UFMTENDIAN=big
+ '[' orion = cray ']'
+ alias 'make=make HDF5_HOME=/apps/hdf5-1.10.5  NETCDF_HOME=/apps/intel-2018/netcdf-4.7.2 NC_BLKSZ=64K SITE=orion -f fre-nctools.mk'
+ set +x
////////////////////////////////////////////////////////////////////////////////
//////////////////////////////////////////////////////////// Directory Layout //
////////////////////////////////////////////////////////////////////////////////
+ mkdir -p share/src
+ cp -r /work/noaa/fv3-cam/jaravequ/regional_workflow-1/sorc/regional_utils.fd/sorc/fre-nctools.fd/shared share/src/.
+ cp -r /work/noaa/fv3-cam/jaravequ/regional_workflow-1/sorc/regional_utils.fd/sorc/fre-nctools.fd/tools share/src/.
+ echo Done...
Done...
+ for freNCToolsDir in tools/make_hgrid tools/make_solo_mosaic tools/fregrid
+ set +x
////////////////////////////////////////////////////////////////////////////////
////////////////////////////////////////////////////////////////// tools/make_hgrid:t
////////////////////////////////////////////////////////////////////////////////
+ cd share/src/tools/make_hgrid
+ cp fre-nctools.mk_orion fre-nctools.mk
++ grep 'TARGETS  :=' fre-nctools.mk
++ cut -f2 -d=
+ targets=' make_hgrid make_hgrid_parallel'
+ echo 'Making  make_hgrid make_hgrid_parallel'
Making  make_hgrid make_hgrid_parallel
+ make HDF5_HOME=/apps/hdf5-1.10.5 NETCDF_HOME=/apps/intel-2018/netcdf-4.7.2 NC_BLKSZ=64K SITE=orion -f fre-nctools.mk clean
rm -f *.o make_hgrid make_hgrid_parallel
+ make HDF5_HOME=/apps/hdf5-1.10.5 NETCDF_HOME=/apps/intel-2018/netcdf-4.7.2 NC_BLKSZ=64K SITE=orion -f fre-nctools.mk
icc -O3 -I/apps/intel-2018/netcdf-4.7.2/include -I./ -I../shared -I../../shared/mosaic -c make_hgrid.c 
icc -O3 -I/apps/intel-2018/netcdf-4.7.2/include -I./ -I../shared -I../../shared/mosaic -c create_conformal_cubic_grid.c 
icc -O3 -I/apps/intel-2018/netcdf-4.7.2/include -I./ -I../shared -I../../shared/mosaic -c create_gnomonic_cubic_grid.c 
icc -O3 -I/apps/intel-2018/netcdf-4.7.2/include -I./ -I../shared -I../../shared/mosaic -c create_grid_from_file.c 
icc -O3 -I/apps/intel-2018/netcdf-4.7.2/include -I./ -I../shared -I../../shared/mosaic -c create_lonlat_grid.c 
icc -O3 -I/apps/intel-2018/netcdf-4.7.2/include -I./ -I../shared -I../../shared/mosaic -o mpp_domain.o -c ../shared/mpp_domain.c 
icc -O3 -I/apps/intel-2018/netcdf-4.7.2/include -I./ -I../shared -I../../shared/mosaic -o mpp_io.o -c ../shared/mpp_io.c 
icc -O3 -I/apps/intel-2018/netcdf-4.7.2/include -I./ -I../shared -I../../shared/mosaic -o tool_util.o -c ../shared/tool_util.c 
icc -Duse_netCDF -O3 -I/apps/intel-2018/netcdf-4.7.2/include -I./ -I../shared -I../../shared/mosaic -c ../../shared/mosaic/read_mosaic.c 
icc -O2 -I/apps/intel-2018/netcdf-4.7.2/include -I./ -I../shared -I../../shared/mosaic -c ../../shared/mosaic/create_xgrid.c 
icc -Duse_netCDF -O3 -I/apps/intel-2018/netcdf-4.7.2/include -I./ -I../shared -I../../shared/mosaic -c ../../shared/mosaic/interp.c 
icc -O3 -I/apps/intel-2018/netcdf-4.7.2/include -I./ -I../shared -I../../shared/mosaic -c ../../shared/mosaic/mosaic_util.c 
icc -O3 -I/apps/intel-2018/netcdf-4.7.2/include -I./ -I../shared -I../../shared/mosaic -o mpp.o -c ../shared/mpp.c 
icc -o make_hgrid make_hgrid.o create_conformal_cubic_grid.o create_gnomonic_cubic_grid.o create_grid_from_file.o create_lonlat_grid.o mpp_domain.o mpp_io.o tool_util.o read_mosaic.o create_xgrid.o interp.o mosaic_util.o mpp.o -L/apps/intel-2018/netcdf-4.7.2/lib -L/apps/hdf5-1.10.5/lib -lnetcdf -lhdf5_hl -lhdf5 -limf  
mpiicc -Duse_libMPI -O3 -I/apps/intel-2018/netcdf-4.7.2/include -I./ -I../shared -I../../shared/mosaic -o mosaic_util_parallel.o -c ../../shared/mosaic/mosaic_util.c 
mpiicc -Duse_libMPI -O3 -I/apps/intel-2018/netcdf-4.7.2/include -I./ -I../shared -I../../shared/mosaic -o mpp_parallel.o -c ../shared/mpp.c 
mpiicc -o make_hgrid_parallel make_hgrid.o create_conformal_cubic_grid.o create_gnomonic_cubic_grid.o create_grid_from_file.o create_lonlat_grid.o mpp_domain.o mpp_io.o tool_util.o read_mosaic.o create_xgrid.o interp.o mosaic_util_parallel.o mpp_parallel.o -L/apps/intel-2018/netcdf-4.7.2/lib -L/apps/hdf5-1.10.5/lib -lnetcdf -lhdf5_hl -lhdf5 -limf  
+ for Target in '$targets'
+ '[' -f make_hgrid ']'
+ mv make_hgrid /work/noaa/fv3-cam/jaravequ/regional_workflow-1/sorc/regional_utils.fd/sorc/fre-nctools.fd/../../exec
+ for Target in '$targets'
+ '[' -f make_hgrid_parallel ']'
+ mv make_hgrid_parallel /work/noaa/fv3-cam/jaravequ/regional_workflow-1/sorc/regional_utils.fd/sorc/fre-nctools.fd/../../exec
+ make HDF5_HOME=/apps/hdf5-1.10.5 NETCDF_HOME=/apps/intel-2018/netcdf-4.7.2 NC_BLKSZ=64K SITE=orion -f fre-nctools.mk clean
rm -f *.o make_hgrid make_hgrid_parallel
+ cd /work/noaa/fv3-cam/jaravequ/regional_workflow-1/sorc/regional_utils.fd/sorc/fre-nctools.fd/build
+ for freNCToolsDir in tools/make_hgrid tools/make_solo_mosaic tools/fregrid
+ set +x
////////////////////////////////////////////////////////////////////////////////
////////////////////////////////////////////////////////////////// tools/make_solo_mosaic:t
////////////////////////////////////////////////////////////////////////////////
+ cd share/src/tools/make_solo_mosaic
+ cp fre-nctools.mk_orion fre-nctools.mk
++ cut -f2 -d=
++ grep 'TARGETS  :=' fre-nctools.mk
+ targets=' make_solo_mosaic'
+ echo 'Making  make_solo_mosaic'
Making  make_solo_mosaic
+ make HDF5_HOME=/apps/hdf5-1.10.5 NETCDF_HOME=/apps/intel-2018/netcdf-4.7.2 NC_BLKSZ=64K SITE=orion -f fre-nctools.mk clean
rm -f *.o make_solo_mosaic
+ make HDF5_HOME=/apps/hdf5-1.10.5 NETCDF_HOME=/apps/intel-2018/netcdf-4.7.2 NC_BLKSZ=64K SITE=orion -f fre-nctools.mk
icc -O3 -I/apps/intel-2018/netcdf-4.7.2/include -I./ -I../shared -I../../shared/mosaic -c make_solo_mosaic.c 
icc -O3 -I/apps/intel-2018/netcdf-4.7.2/include -I./ -I../shared -I../../shared/mosaic -c get_contact.c 
icc -O3 -I/apps/intel-2018/netcdf-4.7.2/include -I./ -I../shared -I../../shared/mosaic -o mpp.o -c ../shared/mpp.c 
icc -O3 -I/apps/intel-2018/netcdf-4.7.2/include -I./ -I../shared -I../../shared/mosaic -o mpp_domain.o -c ../shared/mpp_domain.c 
icc -O3 -I/apps/intel-2018/netcdf-4.7.2/include -I./ -I../shared -I../../shared/mosaic -o mpp_io.o -c ../shared/mpp_io.c 
icc -O3 -I/apps/intel-2018/netcdf-4.7.2/include -I./ -I../shared -I../../shared/mosaic -o tool_util.o -c ../shared/tool_util.c 
icc -O2 -I/apps/intel-2018/netcdf-4.7.2/include -I./ -I../shared -I../../shared/mosaic -c ../../shared/mosaic/create_xgrid.c 
icc -Duse_netCDF -O3 -I/apps/intel-2018/netcdf-4.7.2/include -I./ -I../shared -I../../shared/mosaic -c ../../shared/mosaic/interp.c 
icc -O3 -I/apps/intel-2018/netcdf-4.7.2/include -I./ -I../shared -I../../shared/mosaic -c ../../shared/mosaic/mosaic_util.c 
icc -Duse_netCDF -O3 -I/apps/intel-2018/netcdf-4.7.2/include -I./ -I../shared -I../../shared/mosaic -c ../../shared/mosaic/read_mosaic.c 
icc -o make_solo_mosaic make_solo_mosaic.o get_contact.o mpp.o mpp_domain.o mpp_io.o tool_util.o create_xgrid.o interp.o mosaic_util.o read_mosaic.o -L/apps/intel-2018/netcdf-4.7.2/lib -L/apps/hdf5-1.10.5/lib -lnetcdf -lhdf5_hl -lhdf5 -limf  
+ for Target in '$targets'
+ '[' -f make_solo_mosaic ']'
+ mv make_solo_mosaic /work/noaa/fv3-cam/jaravequ/regional_workflow-1/sorc/regional_utils.fd/sorc/fre-nctools.fd/../../exec
+ make HDF5_HOME=/apps/hdf5-1.10.5 NETCDF_HOME=/apps/intel-2018/netcdf-4.7.2 NC_BLKSZ=64K SITE=orion -f fre-nctools.mk clean
rm -f *.o make_solo_mosaic
+ cd /work/noaa/fv3-cam/jaravequ/regional_workflow-1/sorc/regional_utils.fd/sorc/fre-nctools.fd/build
+ for freNCToolsDir in tools/make_hgrid tools/make_solo_mosaic tools/fregrid
+ set +x
////////////////////////////////////////////////////////////////////////////////
////////////////////////////////////////////////////////////////// tools/fregrid:t
////////////////////////////////////////////////////////////////////////////////
+ cd share/src/tools/fregrid
+ cp fre-nctools.mk_orion fre-nctools.mk
++ grep 'TARGETS  :=' fre-nctools.mk
++ cut -f2 -d=
+ targets=' fregrid fregrid_parallel'
+ echo 'Making  fregrid fregrid_parallel'
Making  fregrid fregrid_parallel
+ make HDF5_HOME=/apps/hdf5-1.10.5 NETCDF_HOME=/apps/intel-2018/netcdf-4.7.2 NC_BLKSZ=64K SITE=orion -f fre-nctools.mk clean
rm -f *.o fregrid fregrid_parallel
+ make HDF5_HOME=/apps/hdf5-1.10.5 NETCDF_HOME=/apps/intel-2018/netcdf-4.7.2 NC_BLKSZ=64K SITE=orion -f fre-nctools.mk
icc -O3 -g -I/apps/intel-2018/netcdf-4.7.2/include -I./ -I../shared -I../../shared/mosaic -c fregrid.c
icc -O2 -g -I/apps/intel-2018/netcdf-4.7.2/include -I./ -I../shared -I../../shared/mosaic -c bilinear_interp.c 
icc -O2 -g -I/apps/intel-2018/netcdf-4.7.2/include -I./ -I../shared -I../../shared/mosaic -c conserve_interp.c 
icc -O3 -g -I/apps/intel-2018/netcdf-4.7.2/include -I./ -I../shared -I../../shared/mosaic -c fregrid_util.c
icc -O2 -g -I/apps/intel-2018/netcdf-4.7.2/include -I./ -I../shared -I../../shared/mosaic -c ../../shared/mosaic/create_xgrid.c 
icc -O3 -g -I/apps/intel-2018/netcdf-4.7.2/include -I./ -I../shared -I../../shared/mosaic -c ../../shared/mosaic/gradient_c2l.c 
icc -O3 -g -I/apps/intel-2018/netcdf-4.7.2/include -I./ -I../shared -I../../shared/mosaic -c ../../shared/mosaic/interp.c 
icc -Duse_netCDF -O3 -g -I/apps/intel-2018/netcdf-4.7.2/include -I./ -I../shared -I../../shared/mosaic -c ../../shared/mosaic/read_mosaic.c 
icc -O3 -g -I/apps/intel-2018/netcdf-4.7.2/include -I./ -I../shared -I../../shared/mosaic -o mpp_domain.o -c ../shared/mpp_domain.c 
icc -O3 -g -I/apps/intel-2018/netcdf-4.7.2/include -I./ -I../shared -I../../shared/mosaic -o mpp_io.o -c ../shared/mpp_io.c 
icc -O3 -g -I/apps/intel-2018/netcdf-4.7.2/include -I./ -I../shared -I../../shared/mosaic -o tool_util.o -c ../shared/tool_util.c 
icc -O3 -g -I/apps/intel-2018/netcdf-4.7.2/include -I./ -I../shared -I../../shared/mosaic -o affinity.o -c ../shared/affinity.c 
icc -O3 -g -I/apps/intel-2018/netcdf-4.7.2/include -I./ -I../shared -I../../shared/mosaic -c ../../shared/mosaic/mosaic_util.c 
icc -O3 -g -I/apps/intel-2018/netcdf-4.7.2/include -I./ -I../shared -I../../shared/mosaic -o mpp.o -c ../shared/mpp.c 
icc -o fregrid fregrid.o bilinear_interp.o conserve_interp.o fregrid_util.o create_xgrid.o gradient_c2l.o interp.o read_mosaic.o mpp_domain.o mpp_io.o tool_util.o affinity.o mosaic_util.o mpp.o -L/apps/intel-2018/netcdf-4.7.2/lib -L/apps/hdf5-1.10.5/lib -lnetcdf -lhdf5_hl -lhdf5 -limf  
mpiicc -Duse_libMPI -O3 -g -I/apps/intel-2018/netcdf-4.7.2/include -I./ -I../shared -I../../shared/mosaic -o mosaic_util_parallel.o -c ../../shared/mosaic/mosaic_util.c 
mpiicc -Duse_libMPI -O3 -g -I/apps/intel-2018/netcdf-4.7.2/include -I./ -I../shared -I../../shared/mosaic -o mpp_parallel.o -c ../shared/mpp.c 
mpiicc -o fregrid_parallel fregrid.o bilinear_interp.o conserve_interp.o fregrid_util.o create_xgrid.o gradient_c2l.o interp.o read_mosaic.o mpp_domain.o mpp_io.o tool_util.o affinity.o mosaic_util_parallel.o mpp_parallel.o -L/apps/intel-2018/netcdf-4.7.2/lib -L/apps/hdf5-1.10.5/lib -lnetcdf -lhdf5_hl -lhdf5 -limf  
+ for Target in '$targets'
+ '[' -f fregrid ']'
+ mv fregrid /work/noaa/fv3-cam/jaravequ/regional_workflow-1/sorc/regional_utils.fd/sorc/fre-nctools.fd/../../exec
+ for Target in '$targets'
+ '[' -f fregrid_parallel ']'
+ mv fregrid_parallel /work/noaa/fv3-cam/jaravequ/regional_workflow-1/sorc/regional_utils.fd/sorc/fre-nctools.fd/../../exec
+ make HDF5_HOME=/apps/hdf5-1.10.5 NETCDF_HOME=/apps/intel-2018/netcdf-4.7.2 NC_BLKSZ=64K SITE=orion -f fre-nctools.mk clean
rm -f *.o fregrid fregrid_parallel
+ cd /work/noaa/fv3-cam/jaravequ/regional_workflow-1/sorc/regional_utils.fd/sorc/fre-nctools.fd/build
+ set +x
////////////////////////////////////////////////////////////////////////////////
///////////////////////////////////////////////////////////////// filter_topo //
////////////////////////////////////////////////////////////////////////////////
+ cd ../tools/filter_topo
+ ./make.csh_orion

Inactive Modules:
  1) fre-nctools.orion

+ mv filter_topo /work/noaa/fv3-cam/jaravequ/regional_workflow-1/sorc/regional_utils.fd/sorc/fre-nctools.fd/../../exec/.
+ echo '\n////////// CLEANING UP TEMPORARY BUILD AREA //////////\n'
\n////////// CLEANING UP TEMPORARY BUILD AREA //////////\n
+ rm -fr /work/noaa/fv3-cam/jaravequ/regional_workflow-1/sorc/regional_utils.fd/sorc/fre-nctools.fd/build
+ set +x
///////////////////////////////////////////////////////////////////////////
///////////////////////////////////////////////////////////////// shave  //
///////////////////////////////////////////////////////////////////////////
+ cd /work/noaa/fv3-cam/jaravequ/regional_workflow-1/sorc/regional_utils.fd/sorc/fre-nctools.fd/tools/shave.fd
+ ./build_shave orion
+ case $1 in
+ FCMP=ifort
+ FFLAGS='-O3 -fp-model precise -I/apps/intel-2018/netcdf-4.7.2/include -L/apps/intel-2018/netcdf-4.7.2/lib -lnetcdff -lnetcdf'
+ EXEC=../../../../exec/shave.x
+ rm -f ../../../../exec/shave.x
+ ifort -O3 -fp-model precise -I/apps/intel-2018/netcdf-4.7.2/include -L/apps/intel-2018/netcdf-4.7.2/lib -lnetcdff -lnetcdf -o ../../../../exec/shave.x shave_nc.F90
+ rc=0
+ (( rc != 0 ))
+ exit 0
+ exit
